#
# There is insufficient memory for the Java Runtime Environment to continue.
# Native memory allocation (malloc) failed to allocate 1922096 bytes. Error detail: Chunk::new
# Possible reasons:
#   The system is out of physical RAM or swap space
#   This process is running with CompressedOops enabled, and the Java Heap may be blocking the growth of the native heap
# Possible solutions:
#   Reduce memory load on the system
#   Increase physical memory or swap space
#   Check if swap backing store is full
#   Decrease Java heap size (-Xmx/-Xms)
#   Decrease number of Java threads
#   Decrease Java thread stack sizes (-Xss)
#   Set larger code cache with -XX:ReservedCodeCacheSize=
#   JVM is running with Unscaled Compressed Oops mode in which the Java heap is
#     placed in the first 4GB address space. The Java Heap base address is the
#     maximum limit for the native heap growth. Please use -XX:HeapBaseMinAddress
#     to set the Java Heap base and to place the Java Heap above 4GB virtual address.
# This output file may be truncated or incomplete.
#
#  Out of Memory Error (arena.cpp:168), pid=22012, tid=3012
#
# JRE version: OpenJDK Runtime Environment Temurin-21.0.8+9 (21.0.8+9) (build 21.0.8+9-LTS)
# Java VM: OpenJDK 64-Bit Server VM Temurin-21.0.8+9 (21.0.8+9-LTS, mixed mode, sharing, tiered, compressed oops, compressed class ptrs, parallel gc, windows-amd64)
# No core dump will be written. Minidumps are not enabled by default on client versions of Windows
#

---------------  S U M M A R Y ------------

Command Line: --add-modules=ALL-SYSTEM --add-opens=java.base/java.util=ALL-UNNAMED --add-opens=java.base/java.lang=ALL-UNNAMED --add-opens=java.base/sun.nio.fs=ALL-UNNAMED -Declipse.application=org.eclipse.jdt.ls.core.id1 -Dosgi.bundles.defaultStartLevel=4 -Declipse.product=org.eclipse.jdt.ls.core.product -Djava.import.generatesMetadataFilesAtProjectRoot=false -DDetectVMInstallationsJob.disabled=true -Dfile.encoding=utf8 -XX:+UseParallelGC -XX:GCTimeRatio=4 -XX:AdaptiveSizePolicyWeight=90 -Dsun.zip.disableMemoryMapping=true -Xmx2G -Xms100m -Xlog:disable -javaagent:c:\Users\RDL\.vscode\extensions\redhat.java-1.45.0-win32-x64\lombok\lombok-1.18.39-4050.jar -XX:+HeapDumpOnOutOfMemoryError -XX:HeapDumpPath=c:\Users\RDL\AppData\Roaming\Code\User\workspaceStorage\6c309863c913f8f8024e095778b5f876\redhat.java -Daether.dependencyCollector.impl=bf c:\Users\RDL\.vscode\extensions\redhat.java-1.45.0-win32-x64\server\plugins\org.eclipse.equinox.launcher_1.7.0.v20250519-0528.jar -configuration c:\Users\RDL\AppData\Roaming\Code\User\globalStorage\redhat.java\1.45.0\config_win -data c:\Users\RDL\AppData\Roaming\Code\User\workspaceStorage\6c309863c913f8f8024e095778b5f876\redhat.java\jdt_ws --pipe=\\.\pipe\lsp-0557f34b7fc86a26c5dcf9b3d793ace3-sock

Host: 11th Gen Intel(R) Core(TM) i5-1135G7 @ 2.40GHz, 8 cores, 7G,  Windows 11 , 64 bit Build 26100 (10.0.26100.5074)
Time: Tue Sep  9 20:11:34 2025 India Standard Time elapsed time: 19.795699 seconds (0d 0h 0m 19s)

---------------  T H R E A D  ---------------

Current thread (0x0000013d74162900):  JavaThread "C2 CompilerThread1" daemon [_thread_in_native, id=3012, stack(0x0000002949300000,0x0000002949400000) (1024K)]


Current CompileTask:
C2:19795 9832   !   4       org.eclipse.osgi.internal.loader.BundleLoader::findRequiredSource (283 bytes)

Stack: [0x0000002949300000,0x0000002949400000]
Native frames: (J=compiled Java code, j=interpreted, Vv=VM code, C=native code)
V  [jvm.dll+0x6d2449]
V  [jvm.dll+0x8ae341]
V  [jvm.dll+0x8b08be]
V  [jvm.dll+0x8b0fa3]
V  [jvm.dll+0x280c96]
V  [jvm.dll+0xc581d]
V  [jvm.dll+0xc5d53]
V  [jvm.dll+0x3b9162]
V  [jvm.dll+0x385315]
V  [jvm.dll+0x38477a]
V  [jvm.dll+0x248ed0]
V  [jvm.dll+0x2484af]
V  [jvm.dll+0x1c89ee]
V  [jvm.dll+0x257d4d]
V  [jvm.dll+0x2562ea]
V  [jvm.dll+0x3f2d16]
V  [jvm.dll+0x857e6b]
V  [jvm.dll+0x6d0b0d]
C  [ucrtbase.dll+0x37b0]
C  [KERNEL32.DLL+0x2e8d7]
C  [ntdll.dll+0x8d9c]


---------------  P R O C E S S  ---------------

Threads class SMR info:
_java_thread_list=0x0000013d49c2fad0, length=51, elements={
0x0000013d5d6dd630, 0x0000013d5d79abb0, 0x0000013d5d79bac0, 0x0000013d7414eae0,
0x0000013d74151500, 0x0000013d741525f0, 0x0000013d741556e0, 0x0000013d7415f190,
0x0000013d74162230, 0x0000013d5d74c350, 0x0000013d75d19980, 0x0000013d7a4b1a10,
0x0000013d7a69b3f0, 0x0000013d7a5d3040, 0x0000013d7a3725f0, 0x0000013d7a7c22f0,
0x0000013d7ae6f960, 0x0000013d7a369eb0, 0x0000013d7a367750, 0x0000013d7a36a540,
0x0000013d7a367de0, 0x0000013d7a3670c0, 0x0000013d7a368b00, 0x0000013d7a369190,
0x0000013d7a369820, 0x0000013d7cca2000, 0x0000013d7cca2690, 0x0000013d7cca1970,
0x0000013d7cca3a40, 0x0000013d7cca61a0, 0x0000013d7cca2d20, 0x0000013d7cca5b10,
0x0000013d7cca6830, 0x0000013d7cca33b0, 0x0000013d7cca6ec0, 0x0000013d7cca7550,
0x0000013d7cca4760, 0x0000013d7cca40d0, 0x0000013d7cca5480, 0x0000013d7cca7be0,
0x0000013d7cca8270, 0x0000013d7cca8900, 0x0000013d7af01970, 0x0000013d74162900,
0x0000013d74161b60, 0x0000013d7aefeb80, 0x0000013d7af02690, 0x0000013d7aeff210,
0x0000013d7af012e0, 0x0000013d7af02d20, 0x0000013d7aeff8a0
}

Java Threads: ( => current thread )
  0x0000013d5d6dd630 JavaThread "main"                              [_thread_blocked, id=8884, stack(0x0000002947600000,0x0000002947700000) (1024K)]
  0x0000013d5d79abb0 JavaThread "Reference Handler"          daemon [_thread_blocked, id=7332, stack(0x0000002947a00000,0x0000002947b00000) (1024K)]
  0x0000013d5d79bac0 JavaThread "Finalizer"                  daemon [_thread_blocked, id=18320, stack(0x0000002947b00000,0x0000002947c00000) (1024K)]
  0x0000013d7414eae0 JavaThread "Signal Dispatcher"          daemon [_thread_blocked, id=10232, stack(0x0000002947c00000,0x0000002947d00000) (1024K)]
  0x0000013d74151500 JavaThread "Attach Listener"            daemon [_thread_blocked, id=21940, stack(0x0000002947d00000,0x0000002947e00000) (1024K)]
  0x0000013d741525f0 JavaThread "Service Thread"             daemon [_thread_blocked, id=3744, stack(0x0000002947e00000,0x0000002947f00000) (1024K)]
  0x0000013d741556e0 JavaThread "Monitor Deflation Thread"   daemon [_thread_blocked, id=18808, stack(0x0000002947f00000,0x0000002948000000) (1024K)]
  0x0000013d7415f190 JavaThread "C2 CompilerThread0"         daemon [_thread_in_native, id=3132, stack(0x0000002948000000,0x0000002948100000) (1024K)]
  0x0000013d74162230 JavaThread "C1 CompilerThread0"         daemon [_thread_blocked, id=20436, stack(0x0000002948100000,0x0000002948200000) (1024K)]
  0x0000013d5d74c350 JavaThread "Common-Cleaner"             daemon [_thread_blocked, id=21804, stack(0x0000002948200000,0x0000002948300000) (1024K)]
  0x0000013d75d19980 JavaThread "Notification Thread"        daemon [_thread_blocked, id=18508, stack(0x0000002948300000,0x0000002948400000) (1024K)]
  0x0000013d7a4b1a10 JavaThread "Active Thread: Equinox Container: 00971cf9-0576-4625-83f8-aadfcfc7cc3c"        [_thread_blocked, id=18068, stack(0x0000002948a00000,0x0000002948b00000) (1024K)]
  0x0000013d7a69b3f0 JavaThread "Refresh Thread: Equinox Container: 00971cf9-0576-4625-83f8-aadfcfc7cc3c" daemon [_thread_blocked, id=21860, stack(0x0000002948c00000,0x0000002948d00000) (1024K)]
  0x0000013d7a5d3040 JavaThread "Framework Event Dispatcher: Equinox Container: 00971cf9-0576-4625-83f8-aadfcfc7cc3c" daemon [_thread_blocked, id=16296, stack(0x0000002948d00000,0x0000002948e00000) (1024K)]
  0x0000013d7a3725f0 JavaThread "Start Level: Equinox Container: 00971cf9-0576-4625-83f8-aadfcfc7cc3c" daemon [_thread_blocked, id=19092, stack(0x0000002948e00000,0x0000002948f00000) (1024K)]
  0x0000013d7a7c22f0 JavaThread "Bundle File Closer"         daemon [_thread_blocked, id=7700, stack(0x0000002948f00000,0x0000002949000000) (1024K)]
  0x0000013d7ae6f960 JavaThread "SCR Component Actor"        daemon [_thread_blocked, id=19704, stack(0x0000002949100000,0x0000002949200000) (1024K)]
  0x0000013d7a369eb0 JavaThread "Worker-JM"                         [_thread_blocked, id=8496, stack(0x0000002949000000,0x0000002949100000) (1024K)]
  0x0000013d7a367750 JavaThread "JNA Cleaner"                daemon [_thread_blocked, id=12496, stack(0x0000002949500000,0x0000002949600000) (1024K)]
  0x0000013d7a36a540 JavaThread "Worker-0"                          [_thread_blocked, id=8592, stack(0x0000002949400000,0x0000002949500000) (1024K)]
  0x0000013d7a367de0 JavaThread "Worker-1: Refreshing workspace"        [_thread_blocked, id=7776, stack(0x0000002949600000,0x0000002949700000) (1024K)]
  0x0000013d7a3670c0 JavaThread "Worker-2"                          [_thread_blocked, id=14028, stack(0x0000002949700000,0x0000002949800000) (1024K)]
  0x0000013d7a368b00 JavaThread "Worker-3"                          [_thread_blocked, id=7908, stack(0x0000002949800000,0x0000002949900000) (1024K)]
  0x0000013d7a369190 JavaThread "Java indexing"              daemon [_thread_blocked, id=6420, stack(0x0000002949900000,0x0000002949a00000) (1024K)]
  0x0000013d7a369820 JavaThread "Worker-4"                          [_thread_blocked, id=20712, stack(0x0000002949a00000,0x0000002949b00000) (1024K)]
  0x0000013d7cca2000 JavaThread "Worker-5: Check JDK Index"         [_thread_blocked, id=18288, stack(0x0000002949d00000,0x0000002949e00000) (1024K)]
  0x0000013d7cca2690 JavaThread "Worker-6"                          [_thread_blocked, id=21308, stack(0x0000002949e00000,0x0000002949f00000) (1024K)]
  0x0000013d7cca1970 JavaThread "Worker-7"                          [_thread_blocked, id=16568, stack(0x0000002949f00000,0x000000294a000000) (1024K)]
  0x0000013d7cca3a40 JavaThread "Thread-2"                   daemon [_thread_in_native, id=5084, stack(0x000000294a000000,0x000000294a100000) (1024K)]
  0x0000013d7cca61a0 JavaThread "Thread-3"                   daemon [_thread_in_native, id=7848, stack(0x000000294a100000,0x000000294a200000) (1024K)]
  0x0000013d7cca2d20 JavaThread "Thread-4"                   daemon [_thread_in_native, id=17976, stack(0x000000294a200000,0x000000294a300000) (1024K)]
  0x0000013d7cca5b10 JavaThread "Thread-5"                   daemon [_thread_in_native, id=9144, stack(0x000000294a300000,0x000000294a400000) (1024K)]
  0x0000013d7cca6830 JavaThread "Thread-6"                   daemon [_thread_in_native, id=11868, stack(0x000000294a400000,0x000000294a500000) (1024K)]
  0x0000013d7cca33b0 JavaThread "Thread-7"                   daemon [_thread_in_native, id=14544, stack(0x000000294a500000,0x000000294a600000) (1024K)]
  0x0000013d7cca6ec0 JavaThread "Thread-8"                   daemon [_thread_in_native, id=7232, stack(0x000000294a600000,0x000000294a700000) (1024K)]
  0x0000013d7cca7550 JavaThread "Thread-9"                   daemon [_thread_in_native, id=1424, stack(0x000000294a700000,0x000000294a800000) (1024K)]
  0x0000013d7cca4760 JavaThread "Thread-10"                  daemon [_thread_in_native, id=3652, stack(0x000000294a800000,0x000000294a900000) (1024K)]
  0x0000013d7cca40d0 JavaThread "pool-2-thread-1"                   [_thread_blocked, id=17640, stack(0x000000294a900000,0x000000294aa00000) (1024K)]
  0x0000013d7cca5480 JavaThread "WorkspaceEventsHandler"            [_thread_blocked, id=22308, stack(0x000000294ab00000,0x000000294ac00000) (1024K)]
  0x0000013d7cca7be0 JavaThread "pool-1-thread-1"                   [_thread_blocked, id=19176, stack(0x000000294ac00000,0x000000294ad00000) (1024K)]
  0x0000013d7cca8270 JavaThread "Keep-Alive-Timer"           daemon [_thread_blocked, id=5488, stack(0x000000294ad00000,0x000000294ae00000) (1024K)]
  0x0000013d7cca8900 JavaThread "ForkJoinPool.commonPool-worker-1" daemon [_thread_blocked, id=7980, stack(0x0000002949200000,0x0000002949300000) (1024K)]
  0x0000013d7af01970 JavaThread "Timer-0"                           [_thread_blocked, id=21876, stack(0x000000294ae00000,0x000000294af00000) (1024K)]
=>0x0000013d74162900 JavaThread "C2 CompilerThread1"         daemon [_thread_in_native, id=3012, stack(0x0000002949300000,0x0000002949400000) (1024K)]
  0x0000013d74161b60 JavaThread "C2 CompilerThread2"         daemon [_thread_in_native, id=2120, stack(0x000000294b000000,0x000000294b100000) (1024K)]
  0x0000013d7aefeb80 JavaThread "ForkJoinPool.commonPool-worker-2" daemon [_thread_blocked, id=22344, stack(0x000000294af00000,0x000000294b000000) (1024K)]
  0x0000013d7af02690 JavaThread "ForkJoinPool.commonPool-worker-3" daemon [_thread_blocked, id=20512, stack(0x000000294b100000,0x000000294b200000) (1024K)]
  0x0000013d7aeff210 JavaThread "ForkJoinPool.commonPool-worker-4" daemon [_thread_blocked, id=19448, stack(0x000000294b200000,0x000000294b300000) (1024K)]
  0x0000013d7af012e0 JavaThread "ForkJoinPool.commonPool-worker-6" daemon [_thread_blocked, id=18048, stack(0x000000294b300000,0x000000294b400000) (1024K)]
  0x0000013d7af02d20 JavaThread "ForkJoinPool.commonPool-worker-5" daemon [_thread_blocked, id=20856, stack(0x000000294b400000,0x000000294b500000) (1024K)]
  0x0000013d7aeff8a0 JavaThread "ForkJoinPool.commonPool-worker-7" daemon [_thread_blocked, id=20564, stack(0x000000294b500000,0x000000294b600000) (1024K)]
Total: 51

Other Threads:
  0x0000013d5d77f7a0 VMThread "VM Thread"                           [id=14816, stack(0x0000002947900000,0x0000002947a00000) (1024K)]
  0x0000013d7405c7e0 WatcherThread "VM Periodic Task Thread"        [id=10636, stack(0x0000002947800000,0x0000002947900000) (1024K)]
  0x0000013d5d6fdc90 WorkerThread "GC Thread#0"                     [id=20560, stack(0x0000002947700000,0x0000002947800000) (1024K)]
  0x0000013d7a29eb40 WorkerThread "GC Thread#1"                     [id=2880, stack(0x0000002948400000,0x0000002948500000) (1024K)]
  0x0000013d7a29eee0 WorkerThread "GC Thread#2"                     [id=20576, stack(0x0000002948500000,0x0000002948600000) (1024K)]
  0x0000013d7a2e8320 WorkerThread "GC Thread#3"                     [id=12216, stack(0x0000002948600000,0x0000002948700000) (1024K)]
  0x0000013d7a2e8ad0 WorkerThread "GC Thread#4"                     [id=13056, stack(0x0000002948700000,0x0000002948800000) (1024K)]
  0x0000013d75d97b00 WorkerThread "GC Thread#5"                     [id=20012, stack(0x0000002948800000,0x0000002948900000) (1024K)]
  0x0000013d75d982b0 WorkerThread "GC Thread#6"                     [id=16688, stack(0x0000002948900000,0x0000002948a00000) (1024K)]
  0x0000013d7a5830d0 WorkerThread "GC Thread#7"                     [id=22520, stack(0x0000002948b00000,0x0000002948c00000) (1024K)]
Total: 10

Threads with active compile tasks:
C2 CompilerThread0  19821 9918       4       org.eclipse.osgi.internal.loader.ModuleClassLoader::toString (80 bytes)
C1 CompilerThread0  19821 10182       3       org.eclipse.jdt.internal.compiler.util.SoftClassCache$ClassBytes::getBytes (65 bytes)
C2 CompilerThread1  19821 9832   !   4       org.eclipse.osgi.internal.loader.BundleLoader::findRequiredSource (283 bytes)
C2 CompilerThread2  19821 9892       4       org.eclipse.osgi.internal.loader.BundleLoader::addExportedProvidersFor (167 bytes)
Total: 4

VM state: at safepoint (normal execution)

VM Mutex/Monitor currently owned by a thread:  ([mutex/lock_event])
[0x00007ffd2e825458] Threads_lock - owner thread: 0x0000013d5d77f7a0
[0x00007ffd2e825558] Heap_lock - owner thread: 0x0000013d7af02690

Heap address: 0x0000000080000000, size: 2048 MB, Compressed Oops mode: 32-bit

CDS archive(s) mapped at: [0x0000013d00000000-0x0000013d00ba0000-0x0000013d00ba0000), size 12189696, SharedBaseAddress: 0x0000013d00000000, ArchiveRelocationMode: 1.
Compressed class space mapped at: 0x0000013d01000000-0x0000013d41000000, reserved size: 1073741824
Narrow klass base: 0x0000013d00000000, Narrow klass shift: 0, Narrow klass range: 0x100000000

GC Precious Log:
 CardTable entry size: 512
 CPUs: 8 total, 8 available
 Memory: 7834M
 Large Page Support: Disabled
 NUMA Support: Disabled
 Compressed Oops: Enabled (32-bit)
 Alignments: Space 512K, Generation 512K, Heap 2M
 Heap Min Capacity: 100M
 Heap Initial Capacity: 100M
 Heap Max Capacity: 2G
 Pre-touch: Disabled
 Parallel Workers: 8

Heap:
 PSYoungGen      total 6144K, used 6079K [0x00000000d5580000, 0x00000000d6000000, 0x0000000100000000)
  eden space 4096K, 99% used [0x00000000d5580000,0x00000000d597fff8,0x00000000d5980000)
  from space 2048K, 96% used [0x00000000d5e00000,0x00000000d5ff0000,0x00000000d6000000)
  to   space 2560K, 98% used [0x00000000d5b00000,0x00000000d5d78020,0x00000000d5d80000)
 ParOldGen       total 87552K, used 87314K [0x0000000080000000, 0x0000000085580000, 0x00000000d5580000)
  object space 87552K, 99% used [0x0000000080000000,0x000000008554eb80,0x0000000085580000)
 Metaspace       used 70165K, committed 71552K, reserved 1114112K
  class space    used 8076K, committed 8640K, reserved 1048576K

Card table byte_map: [0x0000013d5d080000,0x0000013d5d490000] _byte_map_base: 0x0000013d5cc80000

Marking Bits: (ParMarkBitMap*) 0x00007ffd2e82a340
 Begin Bits: [0x0000013d6fb80000, 0x0000013d71b80000)
 End Bits:   [0x0000013d71b80000, 0x0000013d73b80000)

Polling page: 0x0000013d5b8c0000

Metaspace:

Usage:
  Non-class:     60.63 MB used.
      Class:      7.89 MB used.
       Both:     68.52 MB used.

Virtual space:
  Non-class space:       64.00 MB reserved,      61.44 MB ( 96%) committed,  1 nodes.
      Class space:        1.00 GB reserved,       8.44 MB ( <1%) committed,  1 nodes.
             Both:        1.06 GB reserved,      69.88 MB (  6%) committed. 

Chunk freelists:
   Non-Class:  2.55 MB
       Class:  7.39 MB
        Both:  9.93 MB

MaxMetaspaceSize: unlimited
CompressedClassSpaceSize: 1.00 GB
Initial GC threshold: 21.00 MB
Current GC threshold: 97.31 MB
CDS: on
 - commit_granule_bytes: 65536.
 - commit_granule_words: 8192.
 - virtual_space_node_default_size: 8388608.
 - enlarge_chunks_in_place: 1.
 - use_allocation_guard: 0.


Internal statistics:

num_allocs_failed_limit: 11.
num_arena_births: 1090.
num_arena_deaths: 14.
num_vsnodes_births: 2.
num_vsnodes_deaths: 0.
num_space_committed: 1118.
num_space_uncommitted: 0.
num_chunks_returned_to_freelist: 25.
num_chunks_taken_from_freelist: 4153.
num_chunk_merges: 15.
num_chunk_splits: 2569.
num_chunks_enlarged: 1471.
num_inconsistent_stats: 0.

CodeHeap 'non-profiled nmethods': size=120000Kb used=5296Kb max_used=5296Kb free=114703Kb
 bounds [0x0000013d683a0000, 0x0000013d688d0000, 0x0000013d6f8d0000]
CodeHeap 'profiled nmethods': size=120000Kb used=18484Kb max_used=18484Kb free=101515Kb
 bounds [0x0000013d608d0000, 0x0000013d61ae0000, 0x0000013d67e00000]
CodeHeap 'non-nmethods': size=5760Kb used=1465Kb max_used=1534Kb free=4294Kb
 bounds [0x0000013d67e00000, 0x0000013d68070000, 0x0000013d683a0000]
CodeCache: size=245760Kb, used=25245Kb, max_used=25314Kb, free=220512Kb
 total_blobs=9979, nmethods=9212, adapters=672, full_count=0
Compilation: enabled, stopped_count=0, restarted_count=0

Compilation events (20 events):
Event: 18.749 Thread 0x0000013d74162230 10158       1       org.eclipse.jdt.internal.core.search.matching.JavaSearchPattern::getMatchMode (5 bytes)
Event: 18.749 Thread 0x0000013d74162230 nmethod 10158 0x0000013d688ca590 code [0x0000013d688ca720, 0x0000013d688ca7e8]
Event: 18.752 Thread 0x0000013d74162230 10160       1       java.util.concurrent.ForkJoinTask$AdaptedCallable::getRawResult (5 bytes)
Event: 18.753 Thread 0x0000013d74162230 nmethod 10160 0x0000013d688ca890 code [0x0000013d688caa20, 0x0000013d688caae8]
Event: 18.753 Thread 0x0000013d74162230 10161       2       java.net.URI::decode (6 bytes)
Event: 18.753 Thread 0x0000013d74162230 nmethod 10161 0x0000013d61ad9090 code [0x0000013d61ad9240, 0x0000013d61ad9348]
Event: 18.756 Thread 0x0000013d74162230 10163       2       com.google.gson.internal.bind.TypeAdapters$15::write (10 bytes)
Event: 18.757 Thread 0x0000013d74162230 nmethod 10163 0x0000013d61ad9410 code [0x0000013d61ad9600, 0x0000013d61ad9888]
Event: 18.757 Thread 0x0000013d74162230 10165       3       java.io.StringWriter::write (14 bytes)
Event: 18.757 Thread 0x0000013d74162230 nmethod 10165 0x0000013d61ad9a10 code [0x0000013d61ad9bc0, 0x0000013d61ad9e80]
Event: 18.757 Thread 0x0000013d74162230 10164       2       com.google.gson.internal.bind.TypeAdapters$15::write (7 bytes)
Event: 18.757 Thread 0x0000013d74162230 nmethod 10164 0x0000013d61ad9f90 code [0x0000013d61ada180, 0x0000013d61ada3b8]
Event: 18.758 Thread 0x0000013d74162230 10167       2       jdk.internal.misc.Unsafe::loadFence (5 bytes)
Event: 18.758 Thread 0x0000013d74162230 nmethod 10167 0x0000013d61ada510 code [0x0000013d61ada6a0, 0x0000013d61ada7a8]
Event: 18.760 Thread 0x0000013d74162230 10168       1       java.nio.DirectByteBuffer::isReadOnly (2 bytes)
Event: 18.760 Thread 0x0000013d74162230 nmethod 10168 0x0000013d688cb010 code [0x0000013d688cb1a0, 0x0000013d688cb268]
Event: 18.765 Thread 0x0000013d74162230 10170       2       java.util.concurrent.locks.AbstractQueuedSynchronizer::acquireSharedInterruptibly (36 bytes)
Event: 18.765 Thread 0x0000013d74162230 nmethod 10170 0x0000013d61ada810 code [0x0000013d61ada9e0, 0x0000013d61adacc0]
Event: 18.765 Thread 0x0000013d74162230 10171       2       java.util.concurrent.CountDownLatch::await (9 bytes)
Event: 18.766 Thread 0x0000013d74162230 nmethod 10171 0x0000013d61adae90 code [0x0000013d61adb040, 0x0000013d61adb170]

GC Heap History (20 events):
Event: 17.085 GC heap after
{Heap after GC invocations=77 (full 3):
 PSYoungGen      total 7680K, used 192K [0x00000000d5580000, 0x00000000d6280000, 0x0000000100000000)
  eden space 7168K, 0% used [0x00000000d5580000,0x00000000d5580000,0x00000000d5c80000)
  from space 512K, 37% used [0x00000000d6200000,0x00000000d6230000,0x00000000d6280000)
  to   space 512K, 0% used [0x00000000d6180000,0x00000000d6180000,0x00000000d6200000)
 ParOldGen       total 68608K, used 65271K [0x0000000080000000, 0x0000000084300000, 0x00000000d5580000)
  object space 68608K, 95% used [0x0000000080000000,0x0000000083fbdc10,0x0000000084300000)
 Metaspace       used 69237K, committed 70528K, reserved 1114112K
  class space    used 7988K, committed 8512K, reserved 1048576K
}
Event: 17.156 GC heap before
{Heap before GC invocations=78 (full 3):
 PSYoungGen      total 7680K, used 7343K [0x00000000d5580000, 0x00000000d6280000, 0x0000000100000000)
  eden space 7168K, 99% used [0x00000000d5580000,0x00000000d5c7be98,0x00000000d5c80000)
  from space 512K, 37% used [0x00000000d6200000,0x00000000d6230000,0x00000000d6280000)
  to   space 512K, 0% used [0x00000000d6180000,0x00000000d6180000,0x00000000d6200000)
 ParOldGen       total 68608K, used 65271K [0x0000000080000000, 0x0000000084300000, 0x00000000d5580000)
  object space 68608K, 95% used [0x0000000080000000,0x0000000083fbdc10,0x0000000084300000)
 Metaspace       used 69340K, committed 70656K, reserved 1114112K
  class space    used 7994K, committed 8512K, reserved 1048576K
}
Event: 17.157 GC heap after
{Heap after GC invocations=78 (full 3):
 PSYoungGen      total 7680K, used 224K [0x00000000d5580000, 0x00000000d6280000, 0x0000000100000000)
  eden space 7168K, 0% used [0x00000000d5580000,0x00000000d5580000,0x00000000d5c80000)
  from space 512K, 43% used [0x00000000d6180000,0x00000000d61b8000,0x00000000d6200000)
  to   space 512K, 0% used [0x00000000d6200000,0x00000000d6200000,0x00000000d6280000)
 ParOldGen       total 68608K, used 65344K [0x0000000080000000, 0x0000000084300000, 0x00000000d5580000)
  object space 68608K, 95% used [0x0000000080000000,0x0000000083fd0328,0x0000000084300000)
 Metaspace       used 69340K, committed 70656K, reserved 1114112K
  class space    used 7994K, committed 8512K, reserved 1048576K
}
Event: 17.267 GC heap before
{Heap before GC invocations=79 (full 3):
 PSYoungGen      total 7680K, used 7391K [0x00000000d5580000, 0x00000000d6280000, 0x0000000100000000)
  eden space 7168K, 99% used [0x00000000d5580000,0x00000000d5c7fdf0,0x00000000d5c80000)
  from space 512K, 43% used [0x00000000d6180000,0x00000000d61b8000,0x00000000d6200000)
  to   space 512K, 0% used [0x00000000d6200000,0x00000000d6200000,0x00000000d6280000)
 ParOldGen       total 68608K, used 65344K [0x0000000080000000, 0x0000000084300000, 0x00000000d5580000)
  object space 68608K, 95% used [0x0000000080000000,0x0000000083fd0328,0x0000000084300000)
 Metaspace       used 69741K, committed 71168K, reserved 1114112K
  class space    used 8044K, committed 8640K, reserved 1048576K
}
Event: 17.268 GC heap after
{Heap after GC invocations=79 (full 3):
 PSYoungGen      total 7680K, used 448K [0x00000000d5580000, 0x00000000d6280000, 0x0000000100000000)
  eden space 7168K, 0% used [0x00000000d5580000,0x00000000d5580000,0x00000000d5c80000)
  from space 512K, 87% used [0x00000000d6200000,0x00000000d6270020,0x00000000d6280000)
  to   space 512K, 0% used [0x00000000d6180000,0x00000000d6180000,0x00000000d6200000)
 ParOldGen       total 68608K, used 65392K [0x0000000080000000, 0x0000000084300000, 0x00000000d5580000)
  object space 68608K, 95% used [0x0000000080000000,0x0000000083fdc328,0x0000000084300000)
 Metaspace       used 69741K, committed 71168K, reserved 1114112K
  class space    used 8044K, committed 8640K, reserved 1048576K
}
Event: 17.362 GC heap before
{Heap before GC invocations=80 (full 3):
 PSYoungGen      total 7680K, used 7616K [0x00000000d5580000, 0x00000000d6280000, 0x0000000100000000)
  eden space 7168K, 100% used [0x00000000d5580000,0x00000000d5c80000,0x00000000d5c80000)
  from space 512K, 87% used [0x00000000d6200000,0x00000000d6270020,0x00000000d6280000)
  to   space 512K, 0% used [0x00000000d6180000,0x00000000d6180000,0x00000000d6200000)
 ParOldGen       total 68608K, used 65392K [0x0000000080000000, 0x0000000084300000, 0x00000000d5580000)
  object space 68608K, 95% used [0x0000000080000000,0x0000000083fdc328,0x0000000084300000)
 Metaspace       used 69929K, committed 71360K, reserved 1114112K
  class space    used 8059K, committed 8640K, reserved 1048576K
}
Event: 17.364 GC heap after
{Heap after GC invocations=80 (full 3):
 PSYoungGen      total 7680K, used 240K [0x00000000d5580000, 0x00000000d6280000, 0x0000000100000000)
  eden space 7168K, 0% used [0x00000000d5580000,0x00000000d5580000,0x00000000d5c80000)
  from space 512K, 46% used [0x00000000d6180000,0x00000000d61bc010,0x00000000d6200000)
  to   space 512K, 0% used [0x00000000d6200000,0x00000000d6200000,0x00000000d6280000)
 ParOldGen       total 68608K, used 65647K [0x0000000080000000, 0x0000000084300000, 0x00000000d5580000)
  object space 68608K, 95% used [0x0000000080000000,0x000000008401bdb8,0x0000000084300000)
 Metaspace       used 69929K, committed 71360K, reserved 1114112K
  class space    used 8059K, committed 8640K, reserved 1048576K
}
Event: 17.463 GC heap before
{Heap before GC invocations=81 (full 3):
 PSYoungGen      total 7680K, used 7408K [0x00000000d5580000, 0x00000000d6280000, 0x0000000100000000)
  eden space 7168K, 100% used [0x00000000d5580000,0x00000000d5c80000,0x00000000d5c80000)
  from space 512K, 46% used [0x00000000d6180000,0x00000000d61bc010,0x00000000d6200000)
  to   space 512K, 0% used [0x00000000d6200000,0x00000000d6200000,0x00000000d6280000)
 ParOldGen       total 68608K, used 65647K [0x0000000080000000, 0x0000000084300000, 0x00000000d5580000)
  object space 68608K, 95% used [0x0000000080000000,0x000000008401bdb8,0x0000000084300000)
 Metaspace       used 69987K, committed 71424K, reserved 1114112K
  class space    used 8063K, committed 8640K, reserved 1048576K
}
Event: 17.465 GC heap after
{Heap after GC invocations=81 (full 3):
 PSYoungGen      total 7680K, used 256K [0x00000000d5580000, 0x00000000d6280000, 0x0000000100000000)
  eden space 7168K, 0% used [0x00000000d5580000,0x00000000d5580000,0x00000000d5c80000)
  from space 512K, 50% used [0x00000000d6200000,0x00000000d6240000,0x00000000d6280000)
  to   space 512K, 0% used [0x00000000d6180000,0x00000000d6180000,0x00000000d6200000)
 ParOldGen       total 68608K, used 65774K [0x0000000080000000, 0x0000000084300000, 0x00000000d5580000)
  object space 68608K, 95% used [0x0000000080000000,0x000000008403b808,0x0000000084300000)
 Metaspace       used 69987K, committed 71424K, reserved 1114112K
  class space    used 8063K, committed 8640K, reserved 1048576K
}
Event: 17.537 GC heap before
{Heap before GC invocations=82 (full 3):
 PSYoungGen      total 7680K, used 7424K [0x00000000d5580000, 0x00000000d6280000, 0x0000000100000000)
  eden space 7168K, 100% used [0x00000000d5580000,0x00000000d5c80000,0x00000000d5c80000)
  from space 512K, 50% used [0x00000000d6200000,0x00000000d6240000,0x00000000d6280000)
  to   space 512K, 0% used [0x00000000d6180000,0x00000000d6180000,0x00000000d6200000)
 ParOldGen       total 68608K, used 65774K [0x0000000080000000, 0x0000000084300000, 0x00000000d5580000)
  object space 68608K, 95% used [0x0000000080000000,0x000000008403b808,0x0000000084300000)
 Metaspace       used 70032K, committed 71424K, reserved 1114112K
  class space    used 8065K, committed 8640K, reserved 1048576K
}
Event: 17.540 GC heap after
{Heap after GC invocations=82 (full 3):
 PSYoungGen      total 7680K, used 416K [0x00000000d5580000, 0x00000000d6280000, 0x0000000100000000)
  eden space 7168K, 0% used [0x00000000d5580000,0x00000000d5580000,0x00000000d5c80000)
  from space 512K, 81% used [0x00000000d6180000,0x00000000d61e8020,0x00000000d6200000)
  to   space 512K, 0% used [0x00000000d6200000,0x00000000d6200000,0x00000000d6280000)
 ParOldGen       total 68608K, used 65830K [0x0000000080000000, 0x0000000084300000, 0x00000000d5580000)
  object space 68608K, 95% used [0x0000000080000000,0x0000000084049808,0x0000000084300000)
 Metaspace       used 70032K, committed 71424K, reserved 1114112K
  class space    used 8065K, committed 8640K, reserved 1048576K
}
Event: 17.603 GC heap before
{Heap before GC invocations=83 (full 3):
 PSYoungGen      total 7680K, used 7583K [0x00000000d5580000, 0x00000000d6280000, 0x0000000100000000)
  eden space 7168K, 99% used [0x00000000d5580000,0x00000000d5c7ffb8,0x00000000d5c80000)
  from space 512K, 81% used [0x00000000d6180000,0x00000000d61e8020,0x00000000d6200000)
  to   space 512K, 0% used [0x00000000d6200000,0x00000000d6200000,0x00000000d6280000)
 ParOldGen       total 68608K, used 65830K [0x0000000080000000, 0x0000000084300000, 0x00000000d5580000)
  object space 68608K, 95% used [0x0000000080000000,0x0000000084049808,0x0000000084300000)
 Metaspace       used 70127K, committed 71488K, reserved 1114112K
  class space    used 8076K, committed 8640K, reserved 1048576K
}
Event: 17.606 GC heap after
{Heap after GC invocations=83 (full 3):
 PSYoungGen      total 7680K, used 507K [0x00000000d5580000, 0x00000000d6280000, 0x0000000100000000)
  eden space 7168K, 0% used [0x00000000d5580000,0x00000000d5580000,0x00000000d5c80000)
  from space 512K, 99% used [0x00000000d6200000,0x00000000d627efb8,0x00000000d6280000)
  to   space 3072K, 0% used [0x00000000d5c80000,0x00000000d5c80000,0x00000000d5f80000)
 ParOldGen       total 68608K, used 67596K [0x0000000080000000, 0x0000000084300000, 0x00000000d5580000)
  object space 68608K, 98% used [0x0000000080000000,0x00000000842032c0,0x0000000084300000)
 Metaspace       used 70127K, committed 71488K, reserved 1114112K
  class space    used 8076K, committed 8640K, reserved 1048576K
}
Event: 17.644 GC heap before
{Heap before GC invocations=84 (full 3):
 PSYoungGen      total 7680K, used 7675K [0x00000000d5580000, 0x00000000d6280000, 0x0000000100000000)
  eden space 7168K, 100% used [0x00000000d5580000,0x00000000d5c80000,0x00000000d5c80000)
  from space 512K, 99% used [0x00000000d6200000,0x00000000d627efb8,0x00000000d6280000)
  to   space 3072K, 0% used [0x00000000d5c80000,0x00000000d5c80000,0x00000000d5f80000)
 ParOldGen       total 68608K, used 67596K [0x0000000080000000, 0x0000000084300000, 0x00000000d5580000)
  object space 68608K, 98% used [0x0000000080000000,0x00000000842032c0,0x0000000084300000)
 Metaspace       used 70127K, committed 71488K, reserved 1114112K
  class space    used 8076K, committed 8640K, reserved 1048576K
}
Event: 17.647 GC heap after
{Heap after GC invocations=84 (full 3):
 PSYoungGen      total 10240K, used 3044K [0x00000000d5580000, 0x00000000d6580000, 0x0000000100000000)
  eden space 7168K, 0% used [0x00000000d5580000,0x00000000d5580000,0x00000000d5c80000)
  from space 3072K, 99% used [0x00000000d5c80000,0x00000000d5f79360,0x00000000d5f80000)
  to   space 4608K, 0% used [0x00000000d6100000,0x00000000d6100000,0x00000000d6580000)
 ParOldGen       total 69120K, used 68672K [0x0000000080000000, 0x0000000084380000, 0x00000000d5580000)
  object space 69120K, 99% used [0x0000000080000000,0x0000000084310308,0x0000000084380000)
 Metaspace       used 70127K, committed 71488K, reserved 1114112K
  class space    used 8076K, committed 8640K, reserved 1048576K
}
Event: 17.695 GC heap before
{Heap before GC invocations=85 (full 3):
 PSYoungGen      total 10240K, used 10212K [0x00000000d5580000, 0x00000000d6580000, 0x0000000100000000)
  eden space 7168K, 100% used [0x00000000d5580000,0x00000000d5c80000,0x00000000d5c80000)
  from space 3072K, 99% used [0x00000000d5c80000,0x00000000d5f79360,0x00000000d5f80000)
  to   space 4608K, 0% used [0x00000000d6100000,0x00000000d6100000,0x00000000d6580000)
 ParOldGen       total 69120K, used 68672K [0x0000000080000000, 0x0000000084380000, 0x00000000d5580000)
  object space 69120K, 99% used [0x0000000080000000,0x0000000084310308,0x0000000084380000)
 Metaspace       used 70151K, committed 71552K, reserved 1114112K
  class space    used 8076K, committed 8640K, reserved 1048576K
}
Event: 17.700 GC heap after
{Heap after GC invocations=85 (full 3):
 PSYoungGen      total 11264K, used 3648K [0x00000000d5580000, 0x00000000d6500000, 0x0000000100000000)
  eden space 7168K, 0% used [0x00000000d5580000,0x00000000d5580000,0x00000000d5c80000)
  from space 4096K, 89% used [0x00000000d6100000,0x00000000d6490000,0x00000000d6500000)
  to   space 4096K, 0% used [0x00000000d5d00000,0x00000000d5d00000,0x00000000d6100000)
 ParOldGen       total 72192K, used 71730K [0x0000000080000000, 0x0000000084680000, 0x00000000d5580000)
  object space 72192K, 99% used [0x0000000080000000,0x000000008460c928,0x0000000084680000)
 Metaspace       used 70151K, committed 71552K, reserved 1114112K
  class space    used 8076K, committed 8640K, reserved 1048576K
}
Event: 17.745 GC heap before
{Heap before GC invocations=86 (full 3):
 PSYoungGen      total 11264K, used 10816K [0x00000000d5580000, 0x00000000d6500000, 0x0000000100000000)
  eden space 7168K, 100% used [0x00000000d5580000,0x00000000d5c80000,0x00000000d5c80000)
  from space 4096K, 89% used [0x00000000d6100000,0x00000000d6490000,0x00000000d6500000)
  to   space 4096K, 0% used [0x00000000d5d00000,0x00000000d5d00000,0x00000000d6100000)
 ParOldGen       total 72192K, used 71730K [0x0000000080000000, 0x0000000084680000, 0x00000000d5580000)
  object space 72192K, 99% used [0x0000000080000000,0x000000008460c928,0x0000000084680000)
 Metaspace       used 70162K, committed 71552K, reserved 1114112K
  class space    used 8076K, committed 8640K, reserved 1048576K
}
Event: 18.747 GC heap after
{Heap after GC invocations=86 (full 3):
 PSYoungGen      total 11776K, used 4000K [0x00000000d5580000, 0x00000000d6600000, 0x0000000100000000)
  eden space 7680K, 0% used [0x00000000d5580000,0x00000000d5580000,0x00000000d5d00000)
  from space 4096K, 97% used [0x00000000d5d00000,0x00000000d60e8290,0x00000000d6100000)
  to   space 4096K, 0% used [0x00000000d6200000,0x00000000d6200000,0x00000000d6600000)
 ParOldGen       total 75264K, used 75259K [0x0000000080000000, 0x0000000084980000, 0x00000000d5580000)
  object space 75264K, 99% used [0x0000000080000000,0x000000008497ed48,0x0000000084980000)
 Metaspace       used 70162K, committed 71552K, reserved 1114112K
  class space    used 8076K, committed 8640K, reserved 1048576K
}
Event: 18.780 GC heap before
{Heap before GC invocations=87 (full 3):
 PSYoungGen      total 11776K, used 11680K [0x00000000d5580000, 0x00000000d6600000, 0x0000000100000000)
  eden space 7680K, 100% used [0x00000000d5580000,0x00000000d5d00000,0x00000000d5d00000)
  from space 4096K, 97% used [0x00000000d5d00000,0x00000000d60e8290,0x00000000d6100000)
  to   space 4096K, 0% used [0x00000000d6200000,0x00000000d6200000,0x00000000d6600000)
 ParOldGen       total 75264K, used 75259K [0x0000000080000000, 0x0000000084980000, 0x00000000d5580000)
  object space 75264K, 99% used [0x0000000080000000,0x000000008497ed48,0x0000000084980000)
 Metaspace       used 70164K, committed 71552K, reserved 1114112K
  class space    used 8076K, committed 8640K, reserved 1048576K
}

Dll operation events (15 events):
Event: 0.016 Loaded shared library c:\Users\RDL\.vscode\extensions\redhat.java-1.45.0-win32-x64\jre\21.0.8-win32-x86_64\bin\java.dll
Event: 0.110 Loaded shared library c:\Users\RDL\.vscode\extensions\redhat.java-1.45.0-win32-x64\jre\21.0.8-win32-x86_64\bin\zip.dll
Event: 0.139 Loaded shared library C:\Users\RDL\.vscode\extensions\redhat.java-1.45.0-win32-x64\jre\21.0.8-win32-x86_64\bin\instrument.dll
Event: 0.145 Loaded shared library C:\Users\RDL\.vscode\extensions\redhat.java-1.45.0-win32-x64\jre\21.0.8-win32-x86_64\bin\net.dll
Event: 0.148 Loaded shared library C:\Users\RDL\.vscode\extensions\redhat.java-1.45.0-win32-x64\jre\21.0.8-win32-x86_64\bin\nio.dll
Event: 0.152 Loaded shared library C:\Users\RDL\.vscode\extensions\redhat.java-1.45.0-win32-x64\jre\21.0.8-win32-x86_64\bin\zip.dll
Event: 0.172 Loaded shared library C:\Users\RDL\.vscode\extensions\redhat.java-1.45.0-win32-x64\jre\21.0.8-win32-x86_64\bin\jimage.dll
Event: 0.261 Loaded shared library c:\Users\RDL\.vscode\extensions\redhat.java-1.45.0-win32-x64\jre\21.0.8-win32-x86_64\bin\verify.dll
Event: 2.003 Loaded shared library C:\Users\RDL\AppData\Roaming\Code\User\globalStorage\redhat.java\1.45.0\config_win\org.eclipse.equinox.launcher\org.eclipse.equinox.launcher.win32.win32.x86_64_1.2.1400.v20250801-0854\eclipse_11916.dll
Event: 5.731 Loaded shared library C:\Users\RDL\AppData\Local\Temp\jna-80986\jna2721781040710874023.dll
Event: 8.446 Loaded shared library C:\Users\RDL\.vscode\extensions\redhat.java-1.45.0-win32-x64\jre\21.0.8-win32-x86_64\bin\sunmscapi.dll
Event: 9.067 Loaded shared library C:\Users\RDL\.vscode\extensions\redhat.java-1.45.0-win32-x64\jre\21.0.8-win32-x86_64\bin\extnet.dll
Event: 13.841 Loaded shared library C:\Users\RDL\.gradle\native\1def1411415f61bf3af743bc5b6707747c0891f09f0c88961ee8f79bc544acac\windows-amd64\native-platform.dll
Event: 15.751 Loaded shared library C:\Users\RDL\.vscode\extensions\redhat.java-1.45.0-win32-x64\jre\21.0.8-win32-x86_64\bin\management.dll
Event: 15.759 Loaded shared library C:\Users\RDL\.vscode\extensions\redhat.java-1.45.0-win32-x64\jre\21.0.8-win32-x86_64\bin\management_ext.dll

Deoptimization events (20 events):
Event: 17.422 Thread 0x0000013d7a368b00 Uncommon trap: trap_request=0xfffffff4 fr.pc=0x0000013d687e05a0 relative=0x0000000000000c00
Event: 17.422 Thread 0x0000013d7a368b00 Uncommon trap: reason=null_check action=make_not_entrant pc=0x0000013d687e05a0 method=sun.invoke.util.VerifyType.isNullConversion(Ljava/lang/Class;Ljava/lang/Class;Z)Z @ 67 c2
Event: 17.422 Thread 0x0000013d7a368b00 DEOPT PACKING pc=0x0000013d687e05a0 sp=0x00000029498fdfd0
Event: 17.422 Thread 0x0000013d7a368b00 DEOPT UNPACKING pc=0x0000013d67e56da2 sp=0x00000029498fded8 mode 2
Event: 17.456 Thread 0x0000013d7a367de0 DEOPT PACKING pc=0x0000013d619ffdce sp=0x00000029496fe680
Event: 17.456 Thread 0x0000013d7a367de0 DEOPT UNPACKING pc=0x0000013d67e578e2 sp=0x00000029496fdc00 mode 0
Event: 17.496 Thread 0x0000013d7aefeb80 DEOPT PACKING pc=0x0000013d61449ec8 sp=0x000000294affe310
Event: 17.496 Thread 0x0000013d7aefeb80 DEOPT UNPACKING pc=0x0000013d67e578e2 sp=0x000000294affd818 mode 3
Event: 17.496 Thread 0x0000013d7aefeb80 Uncommon trap: trap_request=0xffffff45 fr.pc=0x0000013d686a4c6c relative=0x0000000000000bec
Event: 17.496 Thread 0x0000013d7aefeb80 Uncommon trap: reason=unstable_if action=reinterpret pc=0x0000013d686a4c6c method=java.util.concurrent.ConcurrentHashMap.putVal(Ljava/lang/Object;Ljava/lang/Object;Z)Ljava/lang/Object; @ 245 c2
Event: 17.496 Thread 0x0000013d7aefeb80 DEOPT PACKING pc=0x0000013d686a4c6c sp=0x000000294affe510
Event: 17.496 Thread 0x0000013d7aefeb80 DEOPT UNPACKING pc=0x0000013d67e56da2 sp=0x000000294affe4a8 mode 2
Event: 17.587 Thread 0x0000013d7af02690 Uncommon trap: trap_request=0xffffff45 fr.pc=0x0000013d6875eca0 relative=0x00000000000009e0
Event: 17.587 Thread 0x0000013d7af02690 Uncommon trap: reason=unstable_if action=reinterpret pc=0x0000013d6875eca0 method=org.eclipse.jdt.internal.core.index.DiskIndex.readStreamChars(Ljava/io/InputStream;)[C @ 199 c2
Event: 17.587 Thread 0x0000013d7af02690 DEOPT PACKING pc=0x0000013d6875eca0 sp=0x000000294b1febb0
Event: 17.587 Thread 0x0000013d7af02690 DEOPT UNPACKING pc=0x0000013d67e56da2 sp=0x000000294b1feb38 mode 2
Event: 17.624 Thread 0x0000013d7a367de0 DEOPT PACKING pc=0x0000013d619ffdce sp=0x00000029496fe760
Event: 17.624 Thread 0x0000013d7a367de0 DEOPT UNPACKING pc=0x0000013d67e578e2 sp=0x00000029496fdce0 mode 0
Event: 18.764 Thread 0x0000013d7a367de0 DEOPT PACKING pc=0x0000013d619ffdce sp=0x00000029496fe810
Event: 18.764 Thread 0x0000013d7a367de0 DEOPT UNPACKING pc=0x0000013d67e578e2 sp=0x00000029496fdd90 mode 0

Classes loaded (20 events):
Event: 17.047 Loading class java/util/Collections$SynchronizedList done
Event: 17.047 Loading class java/util/Collections$SynchronizedRandomAccessList done
Event: 17.066 Loading class java/util/concurrent/CompletableFuture$Signaller
Event: 17.066 Loading class java/util/concurrent/CompletableFuture$Signaller done
Event: 17.168 Loading class java/util/Hashtable$KeySet
Event: 17.168 Loading class java/util/Hashtable$KeySet done
Event: 17.209 Loading class java/util/concurrent/CompletableFuture$UniApply
Event: 17.209 Loading class java/util/concurrent/CompletableFuture$UniCompletion
Event: 17.210 Loading class java/util/concurrent/CompletableFuture$UniCompletion done
Event: 17.210 Loading class java/util/concurrent/CompletableFuture$UniApply done
Event: 17.211 Loading class java/util/concurrent/CompletableFuture$UniAccept
Event: 17.211 Loading class java/util/concurrent/CompletableFuture$UniAccept done
Event: 17.211 Loading class java/util/concurrent/CompletableFuture$UniExceptionally
Event: 17.212 Loading class java/util/concurrent/CompletableFuture$UniExceptionally done
Event: 17.227 Loading class java/util/stream/DistinctOps
Event: 17.228 Loading class java/util/stream/DistinctOps done
Event: 17.228 Loading class java/util/stream/DistinctOps$1
Event: 17.229 Loading class java/util/stream/DistinctOps$1 done
Event: 17.237 Loading class java/util/stream/DistinctOps$1$2
Event: 17.237 Loading class java/util/stream/DistinctOps$1$2 done

Classes unloaded (7 events):
Event: 6.728 Thread 0x0000013d5d77f7a0 Unloading class 0x0000013d011aa800 'java/lang/invoke/LambdaForm$MH+0x0000013d011aa800'
Event: 6.728 Thread 0x0000013d5d77f7a0 Unloading class 0x0000013d011aa400 'java/lang/invoke/LambdaForm$MH+0x0000013d011aa400'
Event: 6.728 Thread 0x0000013d5d77f7a0 Unloading class 0x0000013d011aa000 'java/lang/invoke/LambdaForm$MH+0x0000013d011aa000'
Event: 6.728 Thread 0x0000013d5d77f7a0 Unloading class 0x0000013d011a9c00 'java/lang/invoke/LambdaForm$MH+0x0000013d011a9c00'
Event: 6.728 Thread 0x0000013d5d77f7a0 Unloading class 0x0000013d011a9800 'java/lang/invoke/LambdaForm$BMH+0x0000013d011a9800'
Event: 6.728 Thread 0x0000013d5d77f7a0 Unloading class 0x0000013d011a9400 'java/lang/invoke/LambdaForm$DMH+0x0000013d011a9400'
Event: 6.728 Thread 0x0000013d5d77f7a0 Unloading class 0x0000013d011a8000 'java/lang/invoke/LambdaForm$DMH+0x0000013d011a8000'

Classes redefined (0 events):
No events

Internal exceptions (20 events):
Event: 17.468 Thread 0x0000013d7aefeb80 Exception <a 'sun/nio/fs/WindowsException'{0x00000000d55dc310}> (0x00000000d55dc310) 
thrown [s\src\hotspot\share\prims\jni.cpp, line 520]
Event: 17.468 Thread 0x0000013d7aefeb80 Exception <a 'sun/nio/fs/WindowsException'{0x00000000d5602b20}> (0x00000000d5602b20) 
thrown [s\src\hotspot\share\prims\jni.cpp, line 520]
Event: 17.494 Thread 0x0000013d7a368b00 Exception <a 'sun/nio/fs/WindowsException'{0x00000000d580aaa0}> (0x00000000d580aaa0) 
thrown [s\src\hotspot\share\prims\jni.cpp, line 520]
Event: 17.495 Thread 0x0000013d7a368b00 Exception <a 'sun/nio/fs/WindowsException'{0x00000000d580b0d0}> (0x00000000d580b0d0) 
thrown [s\src\hotspot\share\prims\jni.cpp, line 520]
Event: 17.496 Thread 0x0000013d7a368b00 Exception <a 'sun/nio/fs/WindowsException'{0x00000000d580bff8}> (0x00000000d580bff8) 
thrown [s\src\hotspot\share\prims\jni.cpp, line 520]
Event: 17.497 Thread 0x0000013d7a368b00 Exception <a 'sun/nio/fs/WindowsException'{0x00000000d580c628}> (0x00000000d580c628) 
thrown [s\src\hotspot\share\prims\jni.cpp, line 520]
Event: 17.502 Thread 0x0000013d7a368b00 Exception <a 'sun/nio/fs/WindowsException'{0x00000000d580ded0}> (0x00000000d580ded0) 
thrown [s\src\hotspot\share\prims\jni.cpp, line 520]
Event: 17.502 Thread 0x0000013d7a368b00 Exception <a 'sun/nio/fs/WindowsException'{0x00000000d580e500}> (0x00000000d580e500) 
thrown [s\src\hotspot\share\prims\jni.cpp, line 520]
Event: 17.550 Thread 0x0000013d7aefeb80 Exception <a 'sun/nio/fs/WindowsException'{0x00000000d56216a8}> (0x00000000d56216a8) 
thrown [s\src\hotspot\share\prims\jni.cpp, line 520]
Event: 17.550 Thread 0x0000013d7aefeb80 Exception <a 'sun/nio/fs/WindowsException'{0x00000000d5621f88}> (0x00000000d5621f88) 
thrown [s\src\hotspot\share\prims\jni.cpp, line 520]
Event: 17.551 Thread 0x0000013d7aefeb80 Exception <a 'sun/nio/fs/WindowsException'{0x00000000d5622ce8}> (0x00000000d5622ce8) 
thrown [s\src\hotspot\share\prims\jni.cpp, line 520]
Event: 17.552 Thread 0x0000013d7aefeb80 Exception <a 'sun/nio/fs/WindowsException'{0x00000000d56235c8}> (0x00000000d56235c8) 
thrown [s\src\hotspot\share\prims\jni.cpp, line 520]
Event: 17.591 Thread 0x0000013d7aefeb80 Exception <a 'sun/nio/fs/WindowsException'{0x00000000d5663738}> (0x00000000d5663738) 
thrown [s\src\hotspot\share\prims\jni.cpp, line 520]
Event: 17.593 Thread 0x0000013d7aefeb80 Exception <a 'sun/nio/fs/WindowsException'{0x00000000d5664018}> (0x00000000d5664018) 
thrown [s\src\hotspot\share\prims\jni.cpp, line 520]
Event: 17.734 Thread 0x0000013d7af012e0 Exception <a 'sun/nio/fs/WindowsException'{0x00000000d5a68b68}> (0x00000000d5a68b68) 
thrown [s\src\hotspot\share\prims\jni.cpp, line 520]
Event: 17.734 Thread 0x0000013d7af012e0 Exception <a 'sun/nio/fs/WindowsException'{0x00000000d5a69468}> (0x00000000d5a69468) 
thrown [s\src\hotspot\share\prims\jni.cpp, line 520]
Event: 17.736 Thread 0x0000013d7af012e0 Exception <a 'sun/nio/fs/WindowsException'{0x00000000d5a6a610}> (0x00000000d5a6a610) 
thrown [s\src\hotspot\share\prims\jni.cpp, line 520]
Event: 17.736 Thread 0x0000013d7af012e0 Exception <a 'sun/nio/fs/WindowsException'{0x00000000d5a6aef0}> (0x00000000d5a6aef0) 
thrown [s\src\hotspot\share\prims\jni.cpp, line 520]
Event: 17.737 Thread 0x0000013d7af012e0 Exception <a 'sun/nio/fs/WindowsException'{0x00000000d5b32000}> (0x00000000d5b32000) 
thrown [s\src\hotspot\share\prims\jni.cpp, line 520]
Event: 17.737 Thread 0x0000013d7af012e0 Exception <a 'sun/nio/fs/WindowsException'{0x00000000d5b328e0}> (0x00000000d5b328e0) 
thrown [s\src\hotspot\share\prims\jni.cpp, line 520]

ZGC Phase Switch (0 events):
No events

VM Operations (20 events):
Event: 17.268 Executing VM operation: ParallelGCFailedAllocation (Allocation Failure) done
Event: 17.268 Executing VM operation: HandshakeAllThreads (Deoptimize)
Event: 17.269 Executing VM operation: HandshakeAllThreads (Deoptimize) done
Event: 17.362 Executing VM operation: ParallelGCFailedAllocation (Allocation Failure)
Event: 17.364 Executing VM operation: ParallelGCFailedAllocation (Allocation Failure) done
Event: 17.463 Executing VM operation: ParallelGCFailedAllocation (Allocation Failure)
Event: 17.465 Executing VM operation: ParallelGCFailedAllocation (Allocation Failure) done
Event: 17.495 Executing VM operation: HandshakeAllThreads (Deoptimize)
Event: 17.495 Executing VM operation: HandshakeAllThreads (Deoptimize) done
Event: 17.531 Executing VM operation: ParallelGCFailedAllocation (Allocation Failure)
Event: 17.540 Executing VM operation: ParallelGCFailedAllocation (Allocation Failure) done
Event: 17.603 Executing VM operation: ParallelGCFailedAllocation (Allocation Failure)
Event: 17.606 Executing VM operation: ParallelGCFailedAllocation (Allocation Failure) done
Event: 17.644 Executing VM operation: ParallelGCFailedAllocation (Allocation Failure)
Event: 17.647 Executing VM operation: ParallelGCFailedAllocation (Allocation Failure) done
Event: 17.694 Executing VM operation: ParallelGCFailedAllocation (Allocation Failure)
Event: 17.700 Executing VM operation: ParallelGCFailedAllocation (Allocation Failure) done
Event: 17.744 Executing VM operation: ParallelGCFailedAllocation (Allocation Failure)
Event: 18.747 Executing VM operation: ParallelGCFailedAllocation (Allocation Failure) done
Event: 18.780 Executing VM operation: ParallelGCFailedAllocation (Allocation Failure)

Memory protections (0 events):
No events

Nmethod flushes (20 events):
Event: 12.439 Thread 0x0000013d5d77f7a0 flushing  nmethod 0x0000013d61383410
Event: 12.439 Thread 0x0000013d5d77f7a0 flushing  nmethod 0x0000013d61389410
Event: 12.439 Thread 0x0000013d5d77f7a0 flushing  nmethod 0x0000013d61389890
Event: 12.439 Thread 0x0000013d5d77f7a0 flushing  nmethod 0x0000013d6138a110
Event: 12.439 Thread 0x0000013d5d77f7a0 flushing  nmethod 0x0000013d6138a510
Event: 12.439 Thread 0x0000013d5d77f7a0 flushing  nmethod 0x0000013d6138a890
Event: 12.439 Thread 0x0000013d5d77f7a0 flushing  nmethod 0x0000013d6138f610
Event: 12.439 Thread 0x0000013d5d77f7a0 flushing  nmethod 0x0000013d6138f990
Event: 12.439 Thread 0x0000013d5d77f7a0 flushing  nmethod 0x0000013d6138fd90
Event: 12.439 Thread 0x0000013d5d77f7a0 flushing  nmethod 0x0000013d61390310
Event: 12.439 Thread 0x0000013d5d77f7a0 flushing  nmethod 0x0000013d61393310
Event: 12.439 Thread 0x0000013d5d77f7a0 flushing  nmethod 0x0000013d6139cf10
Event: 12.439 Thread 0x0000013d5d77f7a0 flushing  nmethod 0x0000013d6139d510
Event: 12.439 Thread 0x0000013d5d77f7a0 flushing  nmethod 0x0000013d613cb790
Event: 12.439 Thread 0x0000013d5d77f7a0 flushing  nmethod 0x0000013d613cc690
Event: 12.439 Thread 0x0000013d5d77f7a0 flushing  nmethod 0x0000013d613ccf90
Event: 12.439 Thread 0x0000013d5d77f7a0 flushing  nmethod 0x0000013d613cdd10
Event: 12.439 Thread 0x0000013d5d77f7a0 flushing  nmethod 0x0000013d613ce490
Event: 12.439 Thread 0x0000013d5d77f7a0 flushing  nmethod 0x0000013d613d5610
Event: 12.439 Thread 0x0000013d5d77f7a0 flushing osr nmethod 0x0000013d613d6c10

Events (20 events):
Event: 8.682 Thread 0x0000013d5d6dd630 Thread added: 0x0000013d7cca40d0
Event: 9.359 Thread 0x0000013d5d6dd630 Thread added: 0x0000013d7cca5480
Event: 9.359 Thread 0x0000013d5d6dd630 Thread added: 0x0000013d7cca7be0
Event: 9.835 Thread 0x0000013d7a369820 Thread added: 0x0000013d7cca4df0
Event: 9.836 Thread 0x0000013d7cca4df0 Thread exited: 0x0000013d7cca4df0
Event: 10.091 Thread 0x0000013d7a369820 Thread added: 0x0000013d7cca8270
Event: 11.769 Thread 0x0000013d7a761d30 Thread exited: 0x0000013d7a761d30
Event: 12.633 Thread 0x0000013d7a369190 Thread added: 0x0000013d7cca8900
Event: 12.811 Thread 0x0000013d7a3670c0 Thread added: 0x0000013d7af01970
Event: 12.976 Thread 0x0000013d7a3670c0 Thread added: 0x0000013d7af012e0
Event: 14.731 Thread 0x0000013d74162fd0 Thread exited: 0x0000013d74162fd0
Event: 14.924 Thread 0x0000013d74162230 Thread added: 0x0000013d74162900
Event: 15.098 Thread 0x0000013d74162230 Thread added: 0x0000013d74161b60
Event: 15.922 Thread 0x0000013d7af012e0 Thread exited: 0x0000013d7af012e0
Event: 17.223 Thread 0x0000013d7cca8900 Thread added: 0x0000013d7aefeb80
Event: 17.579 Thread 0x0000013d7cca2000 Thread added: 0x0000013d7af02690
Event: 17.580 Thread 0x0000013d7af02690 Thread added: 0x0000013d7aeff210
Event: 17.581 Thread 0x0000013d7aeff210 Thread added: 0x0000013d7af012e0
Event: 17.584 Thread 0x0000013d7cca8900 Thread added: 0x0000013d7af02d20
Event: 17.585 Thread 0x0000013d7af02d20 Thread added: 0x0000013d7aeff8a0


Dynamic libraries:
0x00007ff693830000 - 0x00007ff69383e000 	c:\Users\RDL\.vscode\extensions\redhat.java-1.45.0-win32-x64\jre\21.0.8-win32-x86_64\bin\java.exe
0x00007ffdc33c0000 - 0x00007ffdc3629000 	C:\WINDOWS\SYSTEM32\ntdll.dll
0x00007ffdc2790000 - 0x00007ffdc2859000 	C:\WINDOWS\System32\KERNEL32.DLL
0x00007ffdc0770000 - 0x00007ffdc0b63000 	C:\WINDOWS\System32\KERNELBASE.dll
0x00007ffdc0c10000 - 0x00007ffdc0d5b000 	C:\WINDOWS\System32\ucrtbase.dll
0x00007ffd91c30000 - 0x00007ffd91c4e000 	c:\Users\RDL\.vscode\extensions\redhat.java-1.45.0-win32-x64\jre\21.0.8-win32-x86_64\bin\VCRUNTIME140.dll
0x00007ffd92040000 - 0x00007ffd92058000 	c:\Users\RDL\.vscode\extensions\redhat.java-1.45.0-win32-x64\jre\21.0.8-win32-x86_64\bin\jli.dll
0x00007ffdc1c30000 - 0x00007ffdc1df4000 	C:\WINDOWS\System32\USER32.dll
0x00007ffda3000000 - 0x00007ffda3293000 	C:\WINDOWS\WinSxS\amd64_microsoft.windows.common-controls_6595b64144ccf1df_6.0.26100.5074_none_3e0d6f78e32fd63f\COMCTL32.dll
0x00007ffdc1160000 - 0x00007ffdc1187000 	C:\WINDOWS\System32\win32u.dll
0x00007ffdc1190000 - 0x00007ffdc1239000 	C:\WINDOWS\System32\msvcrt.dll
0x00007ffdc31f0000 - 0x00007ffdc321b000 	C:\WINDOWS\System32\GDI32.dll
0x00007ffdc0f70000 - 0x00007ffdc109d000 	C:\WINDOWS\System32\gdi32full.dll
0x00007ffdc06c0000 - 0x00007ffdc0763000 	C:\WINDOWS\System32\msvcp_win.dll
0x00007ffdc2310000 - 0x00007ffdc233f000 	C:\WINDOWS\System32\IMM32.DLL
0x00007ffda6100000 - 0x00007ffda610c000 	c:\Users\RDL\.vscode\extensions\redhat.java-1.45.0-win32-x64\jre\21.0.8-win32-x86_64\bin\vcruntime140_1.dll
0x00007ffd583e0000 - 0x00007ffd5846d000 	c:\Users\RDL\.vscode\extensions\redhat.java-1.45.0-win32-x64\jre\21.0.8-win32-x86_64\bin\msvcp140.dll
0x00007ffd2db70000 - 0x00007ffd2e907000 	c:\Users\RDL\.vscode\extensions\redhat.java-1.45.0-win32-x64\jre\21.0.8-win32-x86_64\bin\server\jvm.dll
0x00007ffdc2350000 - 0x00007ffdc2404000 	C:\WINDOWS\System32\ADVAPI32.dll
0x00007ffdc2db0000 - 0x00007ffdc2e56000 	C:\WINDOWS\System32\sechost.dll
0x00007ffdc28d0000 - 0x00007ffdc29e8000 	C:\WINDOWS\System32\RPCRT4.dll
0x00007ffdc3300000 - 0x00007ffdc3374000 	C:\WINDOWS\System32\WS2_32.dll
0x00007ffdc03d0000 - 0x00007ffdc042e000 	C:\WINDOWS\SYSTEM32\POWRPROF.dll
0x00007ffdade70000 - 0x00007ffdade7b000 	C:\WINDOWS\SYSTEM32\VERSION.dll
0x00007ffdb5ab0000 - 0x00007ffdb5ae5000 	C:\WINDOWS\SYSTEM32\WINMM.dll
0x00007ffdc0390000 - 0x00007ffdc03a4000 	C:\WINDOWS\SYSTEM32\UMPDC.dll
0x00007ffdbf330000 - 0x00007ffdbf34b000 	C:\WINDOWS\SYSTEM32\kernel.appcore.dll
0x00007ffda5fd0000 - 0x00007ffda5fda000 	c:\Users\RDL\.vscode\extensions\redhat.java-1.45.0-win32-x64\jre\21.0.8-win32-x86_64\bin\jimage.dll
0x00007ffdbdc70000 - 0x00007ffdbdeb2000 	C:\WINDOWS\SYSTEM32\DBGHELP.DLL
0x00007ffdc2e60000 - 0x00007ffdc31db000 	C:\WINDOWS\System32\combase.dll
0x00007ffdc3220000 - 0x00007ffdc32f7000 	C:\WINDOWS\System32\OLEAUT32.dll
0x00007ffda1870000 - 0x00007ffda18ad000 	C:\WINDOWS\SYSTEM32\dbgcore.DLL
0x00007ffdc0b70000 - 0x00007ffdc0c09000 	C:\WINDOWS\System32\bcryptPrimitives.dll
0x00007ffdb0d90000 - 0x00007ffdb0d9f000 	c:\Users\RDL\.vscode\extensions\redhat.java-1.45.0-win32-x64\jre\21.0.8-win32-x86_64\bin\instrument.dll
0x00007ffd97560000 - 0x00007ffd9757f000 	c:\Users\RDL\.vscode\extensions\redhat.java-1.45.0-win32-x64\jre\21.0.8-win32-x86_64\bin\java.dll
0x00007ffdc1370000 - 0x00007ffdc1abd000 	C:\WINDOWS\System32\SHELL32.dll
0x00007ffdc0550000 - 0x00007ffdc06bc000 	C:\WINDOWS\System32\wintypes.dll
0x00007ffdbe180000 - 0x00007ffdbe9d9000 	C:\WINDOWS\SYSTEM32\windows.storage.dll
0x00007ffdc2cb0000 - 0x00007ffdc2da0000 	C:\WINDOWS\System32\SHCORE.dll
0x00007ffdc1bc0000 - 0x00007ffdc1c22000 	C:\WINDOWS\System32\shlwapi.dll
0x00007ffdc0470000 - 0x00007ffdc0499000 	C:\WINDOWS\SYSTEM32\profapi.dll
0x00007ffd88a70000 - 0x00007ffd88a88000 	c:\Users\RDL\.vscode\extensions\redhat.java-1.45.0-win32-x64\jre\21.0.8-win32-x86_64\bin\zip.dll
0x00007ffda4200000 - 0x00007ffda4210000 	C:\Users\RDL\.vscode\extensions\redhat.java-1.45.0-win32-x64\jre\21.0.8-win32-x86_64\bin\net.dll
0x00007ffdb52b0000 - 0x00007ffdb53cf000 	C:\WINDOWS\SYSTEM32\WINHTTP.dll
0x00007ffdbf8b0000 - 0x00007ffdbf91b000 	C:\WINDOWS\system32\mswsock.dll
0x00007ffd7d300000 - 0x00007ffd7d316000 	C:\Users\RDL\.vscode\extensions\redhat.java-1.45.0-win32-x64\jre\21.0.8-win32-x86_64\bin\nio.dll
0x00007ffda7d20000 - 0x00007ffda7d30000 	c:\Users\RDL\.vscode\extensions\redhat.java-1.45.0-win32-x64\jre\21.0.8-win32-x86_64\bin\verify.dll
0x00007ffda6060000 - 0x00007ffda60a4000 	C:\Users\RDL\AppData\Roaming\Code\User\globalStorage\redhat.java\1.45.0\config_win\org.eclipse.equinox.launcher\org.eclipse.equinox.launcher.win32.win32.x86_64_1.2.1400.v20250801-0854\eclipse_11916.dll
0x00007ffdc2410000 - 0x00007ffdc25a8000 	C:\WINDOWS\System32\ole32.dll
0x00007ffdbfb50000 - 0x00007ffdbfb6b000 	C:\WINDOWS\SYSTEM32\CRYPTSP.dll
0x00007ffdbf290000 - 0x00007ffdbf2cb000 	C:\WINDOWS\system32\rsaenh.dll
0x00007ffdbf950000 - 0x00007ffdbf97b000 	C:\WINDOWS\SYSTEM32\USERENV.dll
0x00007ffdc0440000 - 0x00007ffdc0466000 	C:\WINDOWS\SYSTEM32\bcrypt.dll
0x00007ffdbfb70000 - 0x00007ffdbfb7c000 	C:\WINDOWS\SYSTEM32\CRYPTBASE.dll
0x00007ffdbed00000 - 0x00007ffdbed34000 	C:\WINDOWS\SYSTEM32\IPHLPAPI.DLL
0x00007ffdc2c90000 - 0x00007ffdc2c9a000 	C:\WINDOWS\System32\NSI.dll
0x00007ffd976e0000 - 0x00007ffd97729000 	C:\Users\RDL\AppData\Local\Temp\jna-80986\jna2721781040710874023.dll
0x00007ffdc31e0000 - 0x00007ffdc31e8000 	C:\WINDOWS\System32\PSAPI.DLL
0x00007ffdb7a50000 - 0x00007ffdb7a6e000 	C:\WINDOWS\SYSTEM32\dhcpcsvc6.DLL
0x00007ffdb7860000 - 0x00007ffdb7883000 	C:\WINDOWS\SYSTEM32\dhcpcsvc.DLL
0x00007ffda7cf0000 - 0x00007ffda7cfe000 	C:\Users\RDL\.vscode\extensions\redhat.java-1.45.0-win32-x64\jre\21.0.8-win32-x86_64\bin\sunmscapi.dll
0x00007ffdc0d60000 - 0x00007ffdc0ed7000 	C:\WINDOWS\System32\CRYPT32.dll
0x00007ffdbfd70000 - 0x00007ffdbfda0000 	C:\WINDOWS\SYSTEM32\ncrypt.dll
0x00007ffdbfd20000 - 0x00007ffdbfd5f000 	C:\WINDOWS\SYSTEM32\NTASN1.dll
0x00007ffdbed40000 - 0x00007ffdbee66000 	C:\WINDOWS\SYSTEM32\DNSAPI.dll
0x00007ffdb0620000 - 0x00007ffdb062b000 	C:\Windows\System32\rasadhlp.dll
0x00007ffdb7c90000 - 0x00007ffdb7d16000 	C:\WINDOWS\System32\fwpuclnt.dll
0x00007ffda5fe0000 - 0x00007ffda5fe9000 	C:\Users\RDL\.vscode\extensions\redhat.java-1.45.0-win32-x64\jre\21.0.8-win32-x86_64\bin\extnet.dll
0x00007ffda60b0000 - 0x00007ffda60d7000 	C:\Users\RDL\.gradle\native\1def1411415f61bf3af743bc5b6707747c0891f09f0c88961ee8f79bc544acac\windows-amd64\native-platform.dll
0x00007ffdb0df0000 - 0x00007ffdb0dfa000 	C:\Users\RDL\.vscode\extensions\redhat.java-1.45.0-win32-x64\jre\21.0.8-win32-x86_64\bin\management.dll
0x00007ffdb0de0000 - 0x00007ffdb0deb000 	C:\Users\RDL\.vscode\extensions\redhat.java-1.45.0-win32-x64\jre\21.0.8-win32-x86_64\bin\management_ext.dll

JVMTI agents:
c:\Users\RDL\.vscode\extensions\redhat.java-1.45.0-win32-x64\lombok\lombok-1.18.39-4050.jar path:c:\Users\RDL\.vscode\extensions\redhat.java-1.45.0-win32-x64\jre\21.0.8-win32-x86_64\bin\instrument.dll, loaded, initialized, instrumentlib options:none

dbghelp: loaded successfully - version: 4.0.5 - missing functions: none
symbol engine: initialized successfully - sym options: 0x614 - pdb path: .;c:\Users\RDL\.vscode\extensions\redhat.java-1.45.0-win32-x64\jre\21.0.8-win32-x86_64\bin;C:\WINDOWS\SYSTEM32;C:\WINDOWS\WinSxS\amd64_microsoft.windows.common-controls_6595b64144ccf1df_6.0.26100.5074_none_3e0d6f78e32fd63f;c:\Users\RDL\.vscode\extensions\redhat.java-1.45.0-win32-x64\jre\21.0.8-win32-x86_64\bin\server;C:\Users\RDL\AppData\Roaming\Code\User\globalStorage\redhat.java\1.45.0\config_win\org.eclipse.equinox.launcher\org.eclipse.equinox.launcher.win32.win32.x86_64_1.2.1400.v20250801-0854;C:\Users\RDL\AppData\Local\Temp\jna-80986;C:\Users\RDL\.gradle\native\1def1411415f61bf3af743bc5b6707747c0891f09f0c88961ee8f79bc544acac\windows-amd64

VM Arguments:
jvm_args: --add-modules=ALL-SYSTEM --add-opens=java.base/java.util=ALL-UNNAMED --add-opens=java.base/java.lang=ALL-UNNAMED --add-opens=java.base/sun.nio.fs=ALL-UNNAMED -Declipse.application=org.eclipse.jdt.ls.core.id1 -Dosgi.bundles.defaultStartLevel=4 -Declipse.product=org.eclipse.jdt.ls.core.product -Djava.import.generatesMetadataFilesAtProjectRoot=false -DDetectVMInstallationsJob.disabled=true -Dfile.encoding=utf8 -XX:+UseParallelGC -XX:GCTimeRatio=4 -XX:AdaptiveSizePolicyWeight=90 -Dsun.zip.disableMemoryMapping=true -Xmx2G -Xms100m -Xlog:disable -javaagent:c:\Users\RDL\.vscode\extensions\redhat.java-1.45.0-win32-x64\lombok\lombok-1.18.39-4050.jar -XX:+HeapDumpOnOutOfMemoryError -XX:HeapDumpPath=c:\Users\RDL\AppData\Roaming\Code\User\workspaceStorage\6c309863c913f8f8024e095778b5f876\redhat.java -Daether.dependencyCollector.impl=bf 
java_command: c:\Users\RDL\.vscode\extensions\redhat.java-1.45.0-win32-x64\server\plugins\org.eclipse.equinox.launcher_1.7.0.v20250519-0528.jar -configuration c:\Users\RDL\AppData\Roaming\Code\User\globalStorage\redhat.java\1.45.0\config_win -data c:\Users\RDL\AppData\Roaming\Code\User\workspaceStorage\6c309863c913f8f8024e095778b5f876\redhat.java\jdt_ws --pipe=\\.\pipe\lsp-0557f34b7fc86a26c5dcf9b3d793ace3-sock
java_class_path (initial): c:\Users\RDL\.vscode\extensions\redhat.java-1.45.0-win32-x64\server\plugins\org.eclipse.equinox.launcher_1.7.0.v20250519-0528.jar
Launcher Type: SUN_STANDARD

[Global flags]
    uintx AdaptiveSizePolicyWeight                 = 90                                        {product} {command line}
     intx CICompilerCount                          = 4                                         {product} {ergonomic}
    uintx GCTimeRatio                              = 4                                         {product} {command line}
     bool HeapDumpOnOutOfMemoryError               = true                                   {manageable} {command line}
    ccstr HeapDumpPath                             = c:\Users\RDL\AppData\Roaming\Code\User\workspaceStorage\6c309863c913f8f8024e095778b5f876\redhat.java         {manageable} {command line}
   size_t InitialHeapSize                          = 104857600                                 {product} {command line}
   size_t MaxHeapSize                              = 2147483648                                {product} {command line}
   size_t MaxNewSize                               = 715653120                                 {product} {ergonomic}
   size_t MinHeapDeltaBytes                        = 524288                                    {product} {ergonomic}
   size_t MinHeapSize                              = 104857600                                 {product} {command line}
   size_t NewSize                                  = 34603008                                  {product} {ergonomic}
    uintx NonNMethodCodeHeapSize                   = 5839372                                {pd product} {ergonomic}
    uintx NonProfiledCodeHeapSize                  = 122909434                              {pd product} {ergonomic}
   size_t OldSize                                  = 70254592                                  {product} {ergonomic}
    uintx ProfiledCodeHeapSize                     = 122909434                              {pd product} {ergonomic}
    uintx ReservedCodeCacheSize                    = 251658240                              {pd product} {ergonomic}
     bool SegmentedCodeCache                       = true                                      {product} {ergonomic}
   size_t SoftMaxHeapSize                          = 2147483648                             {manageable} {ergonomic}
     bool UseCompressedOops                        = true                           {product lp64_product} {ergonomic}
     bool UseLargePagesIndividualAllocation        = false                                  {pd product} {ergonomic}
     bool UseParallelGC                            = true                                      {product} {command line}

Logging:
Log output configuration:
 #0: stdout all=off uptime,level,tags foldmultilines=false
 #1: stderr all=off uptime,level,tags foldmultilines=false

Environment Variables:
PATH=C:\Program Files\Common Files\Oracle\Java\javapath;D:\Ruby33-x64\bin;C:\Program Files\OpenSSL-Win64\bin;C:\Users\RDL\AppData\Local\Android\Sdk\tools;C:\Users\RDL\AppData\Local\Microsoft\WindowsApps;C:\Program Files\JetBrains\IntelliJ IDEA Community Edition 2021.3.1\bin;D:\Microsoft VS Code\bin;C:\Users\RDL\AppData\Roaming\nvm;C:\Program Files\nodejs;C:\Users\RDL\AppData\Roaming\npm;C:\Users\RDL\AppData\Local\Android\Sdk\platform-tools;C:\Program Files\Git\cmd;C:\Program Files\Docker\Docker\resources\bin;C:\Windows\System32;C:\WINDOWS\system32;C:\WINDOWS;C:\WINDOWS\System32\Wbem;C:\WINDOWS\System32\WindowsPowerShell\v1.0\;C:\WINDOWS\System32\OpenSSH\;C:\Program Files\nodejs\;C:\Program Files\Java\jdk-17\bin;C:\Program Files\Java\jdk-17;D:\anaconda3;D:\anaconda3\Library\mingw-w64\bin;D:\anaconda3\Library\usr\bin;D:\anaconda3\Library\bin;D:\anaconda3\Scripts;C:\Users\RDL\AppData\Local\Android\Sdk\tools;C:\Users\RDL\AppData\Local\Microsoft\WindowsApps;C:\Program Files\JetBrains\IntelliJ IDEA Community Edition 2021.3.1\bin;;D:\Microsoft VS Code\bin;C:\Users\RDL\AppData\Local\Android\Sdk\platform-tools;C:\Program Files\Git\cmd;C:\Windows\System32;C:\Program Files\Java\jdk-17;C:\Program Files\Java\jdk-17\bin;
USERNAME=RDL
LANG=en_US.UTF-8
LC_ALL=en_US.UTF-8
OS=Windows_NT
PROCESSOR_IDENTIFIER=Intel64 Family 6 Model 140 Stepping 1, GenuineIntel
TMP=C:\Users\RDL\AppData\Local\Temp
TEMP=C:\Users\RDL\AppData\Local\Temp




Periodic native trim disabled

---------------  S Y S T E M  ---------------

OS:
 Windows 11 , 64 bit Build 26100 (10.0.26100.5074)
OS uptime: 0 days 8:34 hours
Hyper-V role detected

CPU: total 8 (initial active 8) (4 cores per cpu, 2 threads per core) family 6 model 140 stepping 1 microcode 0xb4, cx8, cmov, fxsr, ht, mmx, 3dnowpref, sse, sse2, sse3, ssse3, sse4.1, sse4.2, popcnt, lzcnt, tsc, tscinvbit, avx, avx2, aes, erms, clmul, bmi1, bmi2, adx, avx512f, avx512dq, avx512cd, avx512bw, avx512vl, sha, fma, vzeroupper, avx512_vpopcntdq, avx512_vpclmulqdq, avx512_vaes, avx512_vnni, clflush, clflushopt, clwb, avx512_vbmi2, avx512_vbmi, hv, rdtscp, rdpid, fsrm, gfni, avx512_bitalg, f16c, cet_ibt, cet_ss, avx512_ifma
Processor Information for the first 8 processors :
  Max Mhz: 2401, Current Mhz: 2400, Mhz Limit: 2376

Memory: 4k page, system-wide physical 7834M (601M free)
TotalPageFile size 26176M (AvailPageFile size 58M)
current process WorkingSet (physical memory assigned to process): 346M, peak: 347M
current process commit charge ("private bytes"): 420M, peak: 427M

vm_info: OpenJDK 64-Bit Server VM (21.0.8+9-LTS) for windows-amd64 JRE (21.0.8+9-LTS), built on 2025-07-15T00:00:00Z by "admin" with MS VC++ 17.7 (VS2022)

END.
