#
# There is insufficient memory for the Java Runtime Environment to continue.
# Native memory allocation (malloc) failed to allocate 1267856 bytes. Error detail: Chunk::new
# Possible reasons:
#   The system is out of physical RAM or swap space
#   This process is running with CompressedOops enabled, and the Java Heap may be blocking the growth of the native heap
# Possible solutions:
#   Reduce memory load on the system
#   Increase physical memory or swap space
#   Check if swap backing store is full
#   Decrease Java heap size (-Xmx/-Xms)
#   Decrease number of Java threads
#   Decrease Java thread stack sizes (-Xss)
#   Set larger code cache with -XX:ReservedCodeCacheSize=
#   JVM is running with Unscaled Compressed Oops mode in which the Java heap is
#     placed in the first 4GB address space. The Java Heap base address is the
#     maximum limit for the native heap growth. Please use -XX:HeapBaseMinAddress
#     to set the Java Heap base and to place the Java Heap above 4GB virtual address.
# This output file may be truncated or incomplete.
#
#  Out of Memory Error (arena.cpp:168), pid=20708, tid=13416
#
# JRE version: OpenJDK Runtime Environment Temurin-21.0.8+9 (21.0.8+9) (build 21.0.8+9-LTS)
# Java VM: OpenJDK 64-Bit Server VM Temurin-21.0.8+9 (21.0.8+9-LTS, mixed mode, sharing, tiered, compressed oops, compressed class ptrs, parallel gc, windows-amd64)
# No core dump will be written. Minidumps are not enabled by default on client versions of Windows
#

---------------  S U M M A R Y ------------

Command Line: --add-modules=ALL-SYSTEM --add-opens=java.base/java.util=ALL-UNNAMED --add-opens=java.base/java.lang=ALL-UNNAMED --add-opens=java.base/sun.nio.fs=ALL-UNNAMED -Declipse.application=org.eclipse.jdt.ls.core.id1 -Dosgi.bundles.defaultStartLevel=4 -Declipse.product=org.eclipse.jdt.ls.core.product -Djava.import.generatesMetadataFilesAtProjectRoot=false -DDetectVMInstallationsJob.disabled=true -Dfile.encoding=utf8 -XX:+UseParallelGC -XX:GCTimeRatio=4 -XX:AdaptiveSizePolicyWeight=90 -Dsun.zip.disableMemoryMapping=true -Xmx2G -Xms100m -Xlog:disable -javaagent:c:\Users\RDL\.vscode\extensions\redhat.java-1.45.0-win32-x64\lombok\lombok-1.18.39-4050.jar -XX:+HeapDumpOnOutOfMemoryError -XX:HeapDumpPath=c:\Users\RDL\AppData\Roaming\Code\User\workspaceStorage\6c309863c913f8f8024e095778b5f876\redhat.java -Daether.dependencyCollector.impl=bf c:\Users\RDL\.vscode\extensions\redhat.java-1.45.0-win32-x64\server\plugins\org.eclipse.equinox.launcher_1.7.0.v20250519-0528.jar -configuration c:\Users\RDL\AppData\Roaming\Code\User\globalStorage\redhat.java\1.45.0\config_win -data c:\Users\RDL\AppData\Roaming\Code\User\workspaceStorage\6c309863c913f8f8024e095778b5f876\redhat.java\jdt_ws --pipe=\\.\pipe\lsp-e178617ba603895f1f09ce7358767438-sock

Host: 11th Gen Intel(R) Core(TM) i5-1135G7 @ 2.40GHz, 8 cores, 7G,  Windows 11 , 64 bit Build 26100 (10.0.26100.5074)
Time: Tue Sep  9 20:11:52 2025 India Standard Time elapsed time: 18.307635 seconds (0d 0h 0m 18s)

---------------  T H R E A D  ---------------

Current thread (0x000001fa86ec53f0):  JavaThread "C2 CompilerThread0" daemon [_thread_in_native, id=13416, stack(0x00000062dd600000,0x00000062dd700000) (1024K)]


Current CompileTask:
C2:18307 10079   !   4       org.eclipse.core.internal.resources.Resource::lambda$0 (159 bytes)

Stack: [0x00000062dd600000,0x00000062dd700000]
Native frames: (J=compiled Java code, j=interpreted, Vv=VM code, C=native code)
V  [jvm.dll+0x6d2449]
V  [jvm.dll+0x8ae341]
V  [jvm.dll+0x8b08be]
V  [jvm.dll+0x8b0fa3]
V  [jvm.dll+0x280c96]
V  [jvm.dll+0xc581d]
V  [jvm.dll+0xc5d53]
V  [jvm.dll+0x3b9162]
V  [jvm.dll+0x385315]
V  [jvm.dll+0x38477a]
V  [jvm.dll+0x248ed0]
V  [jvm.dll+0x2484af]
V  [jvm.dll+0x1c89ee]
V  [jvm.dll+0x257d4d]
V  [jvm.dll+0x2562ea]
V  [jvm.dll+0x3f2d16]
V  [jvm.dll+0x857e6b]
V  [jvm.dll+0x6d0b0d]
C  [ucrtbase.dll+0x37b0]
C  [KERNEL32.DLL+0x2e8d7]
C  [ntdll.dll+0x8d9c]


---------------  P R O C E S S  ---------------

Threads class SMR info:
_java_thread_list=0x000001fae692e030, length=64, elements={
0x000001fa86f2cac0, 0x000001fa86fea560, 0x000001fa86feb470, 0x000001fa86ea52a0,
0x000001fa86ea5e20, 0x000001fa86ea8100, 0x000001fa86eaebc0, 0x000001fa86ec53f0,
0x000001fa86ec86a0, 0x000001fae02ec650, 0x000001fae0422470, 0x000001fae056b9c0,
0x000001fae52cb890, 0x000001fae0bb2c00, 0x000001fae0a7db90, 0x000001fae53311a0,
0x000001fae52d2780, 0x000001fae550d7b0, 0x000001fae5466800, 0x000001fae5468240,
0x000001fae5468f60, 0x000001fae54695f0, 0x000001fae5469c80, 0x000001fae5467520,
0x000001fae5467bb0, 0x000001fae54688d0, 0x000001fae78addf0, 0x000001fae78ad760,
0x000001fae78aeb10, 0x000001fae78ae480, 0x000001fae78ac3b0, 0x000001fae78aca40,
0x000001fae78ab690, 0x000001fae78abd20, 0x000001fae78ad0d0, 0x000001fae836d2d0,
0x000001fae836bf20, 0x000001fae836e680, 0x000001fae836cc40, 0x000001fae836dff0,
0x000001fae836b890, 0x000001fae836ed10, 0x000001fae8370750, 0x000001fae836c5b0,
0x000001fae8371b00, 0x000001fae8372820, 0x000001fae8372eb0, 0x000001fae83700c0,
0x000001faf16678f0, 0x000001faf1668610, 0x000001faf1668ca0, 0x000001faf1665eb0,
0x000001faf1666bd0, 0x000001faf1667260, 0x000001faf1669330, 0x000001faf16699c0,
0x000001faf1666540, 0x000001faf166c7b0, 0x000001faf166d4d0, 0x000001faf166a050,
0x000001faf166ad70, 0x000001faf166a6e0, 0x000001faf166ce40, 0x000001fae646cee0
}

Java Threads: ( => current thread )
  0x000001fa86f2cac0 JavaThread "main"                              [_thread_blocked, id=22384, stack(0x00000062dcc00000,0x00000062dcd00000) (1024K)]
  0x000001fa86fea560 JavaThread "Reference Handler"          daemon [_thread_blocked, id=22376, stack(0x00000062dd000000,0x00000062dd100000) (1024K)]
  0x000001fa86feb470 JavaThread "Finalizer"                  daemon [_thread_blocked, id=2688, stack(0x00000062dd100000,0x00000062dd200000) (1024K)]
  0x000001fa86ea52a0 JavaThread "Signal Dispatcher"          daemon [_thread_blocked, id=14608, stack(0x00000062dd200000,0x00000062dd300000) (1024K)]
  0x000001fa86ea5e20 JavaThread "Attach Listener"            daemon [_thread_blocked, id=2440, stack(0x00000062dd300000,0x00000062dd400000) (1024K)]
  0x000001fa86ea8100 JavaThread "Service Thread"             daemon [_thread_blocked, id=15184, stack(0x00000062dd400000,0x00000062dd500000) (1024K)]
  0x000001fa86eaebc0 JavaThread "Monitor Deflation Thread"   daemon [_thread_blocked, id=4936, stack(0x00000062dd500000,0x00000062dd600000) (1024K)]
=>0x000001fa86ec53f0 JavaThread "C2 CompilerThread0"         daemon [_thread_in_native, id=13416, stack(0x00000062dd600000,0x00000062dd700000) (1024K)]
  0x000001fa86ec86a0 JavaThread "C1 CompilerThread0"         daemon [_thread_blocked, id=13076, stack(0x00000062dd700000,0x00000062dd800000) (1024K)]
  0x000001fae02ec650 JavaThread "Common-Cleaner"             daemon [_thread_blocked, id=18776, stack(0x00000062dd800000,0x00000062dd900000) (1024K)]
  0x000001fae0422470 JavaThread "C2 CompilerThread1"         daemon [_thread_in_native, id=16476, stack(0x00000062dd900000,0x00000062dda00000) (1024K)]
  0x000001fae056b9c0 JavaThread "Notification Thread"        daemon [_thread_blocked, id=5684, stack(0x00000062dda00000,0x00000062ddb00000) (1024K)]
  0x000001fae52cb890 JavaThread "Active Thread: Equinox Container: 0ceca56c-758e-4537-b366-5d24e08ebe46"        [_thread_blocked, id=11400, stack(0x00000062de200000,0x00000062de300000) (1024K)]
  0x000001fae0bb2c00 JavaThread "Refresh Thread: Equinox Container: 0ceca56c-758e-4537-b366-5d24e08ebe46" daemon [_thread_blocked, id=19428, stack(0x00000062de300000,0x00000062de400000) (1024K)]
  0x000001fae0a7db90 JavaThread "Framework Event Dispatcher: Equinox Container: 0ceca56c-758e-4537-b366-5d24e08ebe46" daemon [_thread_blocked, id=8120, stack(0x00000062de500000,0x00000062de600000) (1024K)]
  0x000001fae53311a0 JavaThread "Start Level: Equinox Container: 0ceca56c-758e-4537-b366-5d24e08ebe46" daemon [_thread_blocked, id=13288, stack(0x00000062de600000,0x00000062de700000) (1024K)]
  0x000001fae52d2780 JavaThread "Bundle File Closer"         daemon [_thread_blocked, id=3264, stack(0x00000062de700000,0x00000062de800000) (1024K)]
  0x000001fae550d7b0 JavaThread "SCR Component Actor"        daemon [_thread_blocked, id=19236, stack(0x00000062de800000,0x00000062de900000) (1024K)]
  0x000001fae5466800 JavaThread "Worker-JM"                         [_thread_blocked, id=20104, stack(0x00000062dea00000,0x00000062deb00000) (1024K)]
  0x000001fae5468240 JavaThread "JNA Cleaner"                daemon [_thread_blocked, id=22080, stack(0x00000062deb00000,0x00000062dec00000) (1024K)]
  0x000001fae5468f60 JavaThread "Worker-0"                          [_thread_blocked, id=2972, stack(0x00000062dec00000,0x00000062ded00000) (1024K)]
  0x000001fae54695f0 JavaThread "Worker-1"                          [_thread_blocked, id=14904, stack(0x00000062ded00000,0x00000062dee00000) (1024K)]
  0x000001fae5469c80 JavaThread "Worker-2"                          [_thread_blocked, id=3936, stack(0x00000062dee00000,0x00000062def00000) (1024K)]
  0x000001fae5467520 JavaThread "Worker-3"                          [_thread_blocked, id=22164, stack(0x00000062def00000,0x00000062df000000) (1024K)]
  0x000001fae5467bb0 JavaThread "Java indexing"              daemon [_thread_in_Java, id=19712, stack(0x00000062df000000,0x00000062df100000) (1024K)]
  0x000001fae54688d0 JavaThread "Worker-4: Building"                [_thread_blocked, id=18848, stack(0x00000062df100000,0x00000062df200000) (1024K)]
  0x000001fae78addf0 JavaThread "Worker-5"                          [_thread_blocked, id=21256, stack(0x00000062df400000,0x00000062df500000) (1024K)]
  0x000001fae78ad760 JavaThread "Worker-6"                          [_thread_blocked, id=14352, stack(0x00000062df500000,0x00000062df600000) (1024K)]
  0x000001fae78aeb10 JavaThread "Worker-7"                          [_thread_blocked, id=8008, stack(0x00000062df600000,0x00000062df700000) (1024K)]
  0x000001fae78ae480 JavaThread "Thread-2"                   daemon [_thread_in_native, id=13468, stack(0x00000062df700000,0x00000062df800000) (1024K)]
  0x000001fae78ac3b0 JavaThread "Thread-3"                   daemon [_thread_in_native, id=13464, stack(0x00000062df800000,0x00000062df900000) (1024K)]
  0x000001fae78aca40 JavaThread "Thread-4"                   daemon [_thread_in_native, id=21868, stack(0x00000062df900000,0x00000062dfa00000) (1024K)]
  0x000001fae78ab690 JavaThread "Thread-5"                   daemon [_thread_in_native, id=19208, stack(0x00000062dfa00000,0x00000062dfb00000) (1024K)]
  0x000001fae78abd20 JavaThread "Thread-6"                   daemon [_thread_in_native, id=16796, stack(0x00000062dfb00000,0x00000062dfc00000) (1024K)]
  0x000001fae78ad0d0 JavaThread "Thread-7"                   daemon [_thread_in_native, id=12740, stack(0x00000062dfc00000,0x00000062dfd00000) (1024K)]
  0x000001fae836d2d0 JavaThread "Thread-8"                   daemon [_thread_in_native, id=21888, stack(0x00000062dfd00000,0x00000062dfe00000) (1024K)]
  0x000001fae836bf20 JavaThread "Thread-9"                   daemon [_thread_in_native, id=17736, stack(0x00000062dfe00000,0x00000062dff00000) (1024K)]
  0x000001fae836e680 JavaThread "Thread-10"                  daemon [_thread_in_native, id=9836, stack(0x00000062dff00000,0x00000062e0000000) (1024K)]
  0x000001fae836cc40 JavaThread "pool-2-thread-1"                   [_thread_blocked, id=13856, stack(0x00000062e0000000,0x00000062e0100000) (1024K)]
  0x000001fae836dff0 JavaThread "WorkspaceEventsHandler"            [_thread_blocked, id=21056, stack(0x00000062e0100000,0x00000062e0200000) (1024K)]
  0x000001fae836b890 JavaThread "pool-1-thread-1"                   [_thread_blocked, id=18132, stack(0x00000062e0200000,0x00000062e0300000) (1024K)]
  0x000001fae836ed10 JavaThread "Timer-0"                           [_thread_blocked, id=15060, stack(0x00000062de900000,0x00000062dea00000) (1024K)]
  0x000001fae8370750 JavaThread "ForkJoinPool.commonPool-worker-1" daemon [_thread_blocked, id=14080, stack(0x00000062e0400000,0x00000062e0500000) (1024K)]
  0x000001fae836c5b0 JavaThread "ForkJoinPool.commonPool-worker-2" daemon [_thread_blocked, id=8332, stack(0x00000062ddb00000,0x00000062ddc00000) (1024K)]
  0x000001fae8371b00 JavaThread "ForkJoinPool.commonPool-worker-3" daemon [_thread_blocked, id=13772, stack(0x00000062e0300000,0x00000062e0400000) (1024K)]
  0x000001fae8372820 JavaThread "ForkJoinPool.commonPool-worker-4" daemon [_thread_blocked, id=12720, stack(0x00000062e0500000,0x00000062e0600000) (1024K)]
  0x000001fae8372eb0 JavaThread "ForkJoinPool.commonPool-worker-5" daemon [_thread_blocked, id=12856, stack(0x00000062e0600000,0x00000062e0700000) (1024K)]
  0x000001fae83700c0 JavaThread "ForkJoinPool.commonPool-worker-6" daemon [_thread_blocked, id=16352, stack(0x00000062e0700000,0x00000062e0800000) (1024K)]
  0x000001faf16678f0 JavaThread "ForkJoinPool.commonPool-worker-7" daemon [_thread_blocked, id=12564, stack(0x00000062e0800000,0x00000062e0900000) (1024K)]
  0x000001faf1668610 JavaThread "LocalFile Deleter"          daemon [_thread_blocked, id=18340, stack(0x00000062e0900000,0x00000062e0a00000) (1024K)]
  0x000001faf1668ca0 JavaThread "LocalFile Deleter"          daemon [_thread_blocked, id=13552, stack(0x00000062e0a00000,0x00000062e0b00000) (1024K)]
  0x000001faf1665eb0 JavaThread "LocalFile Deleter"          daemon [_thread_blocked, id=22388, stack(0x00000062e0b00000,0x00000062e0c00000) (1024K)]
  0x000001faf1666bd0 JavaThread "LocalFile Deleter"          daemon [_thread_blocked, id=17432, stack(0x00000062e0c00000,0x00000062e0d00000) (1024K)]
  0x000001faf1667260 JavaThread "LocalFile Deleter"          daemon [_thread_blocked, id=22368, stack(0x00000062e0d00000,0x00000062e0e00000) (1024K)]
  0x000001faf1669330 JavaThread "LocalFile Deleter"          daemon [_thread_blocked, id=21896, stack(0x00000062e0e00000,0x00000062e0f00000) (1024K)]
  0x000001faf16699c0 JavaThread "LocalFile Deleter"          daemon [_thread_blocked, id=5168, stack(0x00000062e0f00000,0x00000062e1000000) (1024K)]
  0x000001faf1666540 JavaThread "LocalFile Deleter"          daemon [_thread_blocked, id=18964, stack(0x00000062e1000000,0x00000062e1100000) (1024K)]
  0x000001faf166c7b0 JavaThread "Compiler Source File Reader" daemon [_thread_in_native, id=4932, stack(0x00000062e1100000,0x00000062e1200000) (1024K)]
  0x000001faf166d4d0 JavaThread "Compiler Source File Reader" daemon [_thread_in_native, id=20488, stack(0x00000062e1200000,0x00000062e1300000) (1024K)]
  0x000001faf166a050 JavaThread "Compiler Source File Reader" daemon [_thread_in_native, id=17656, stack(0x00000062e1300000,0x00000062e1400000) (1024K)]
  0x000001faf166ad70 JavaThread "Compiler Source File Reader" daemon [_thread_in_native, id=1828, stack(0x00000062e1400000,0x00000062e1500000) (1024K)]
  0x000001faf166a6e0 JavaThread "Compiler Source File Reader" daemon [_thread_in_native, id=22372, stack(0x00000062e1500000,0x00000062e1600000) (1024K)]
  0x000001faf166ce40 JavaThread "Compiler Source File Reader" daemon [_thread_in_native, id=19472, stack(0x00000062e1600000,0x00000062e1700000) (1024K)]
  0x000001fae646cee0 JavaThread "C2 CompilerThread2"         daemon [_thread_in_native, id=15700, stack(0x00000062e1700000,0x00000062e1800000) (1024K)]
Total: 64

Other Threads:
  0x000001fa86fcfb30 VMThread "VM Thread"                           [id=6756, stack(0x00000062dcf00000,0x00000062dd000000) (1024K)]
  0x000001fa86dbc950 WatcherThread "VM Periodic Task Thread"        [id=13248, stack(0x00000062dce00000,0x00000062dcf00000) (1024K)]
  0x000001fa86f4d5e0 WorkerThread "GC Thread#0"                     [id=4912, stack(0x00000062dcd00000,0x00000062dce00000) (1024K)]
  0x000001fae0c49e50 WorkerThread "GC Thread#1"                     [id=14044, stack(0x00000062ddc00000,0x00000062ddd00000) (1024K)]
  0x000001fae503db50 WorkerThread "GC Thread#2"                     [id=21048, stack(0x00000062ddd00000,0x00000062dde00000) (1024K)]
  0x000001fae0cfcd40 WorkerThread "GC Thread#3"                     [id=19896, stack(0x00000062dde00000,0x00000062ddf00000) (1024K)]
  0x000001fae0cfd0e0 WorkerThread "GC Thread#4"                     [id=18948, stack(0x00000062ddf00000,0x00000062de000000) (1024K)]
  0x000001fae0af1390 WorkerThread "GC Thread#5"                     [id=15472, stack(0x00000062de000000,0x00000062de100000) (1024K)]
  0x000001fae0af1f40 WorkerThread "GC Thread#6"                     [id=18232, stack(0x00000062de100000,0x00000062de200000) (1024K)]
  0x000001fae0a79780 WorkerThread "GC Thread#7"                     [id=2736, stack(0x00000062de400000,0x00000062de500000) (1024K)]
Total: 10

Threads with active compile tasks:
C2 CompilerThread0  18333 10079   !   4       org.eclipse.core.internal.resources.Resource::lambda$0 (159 bytes)
C2 CompilerThread1  18333 10217       4       org.eclipse.jdt.internal.core.index.DiskIndex::writeDocumentNumbers (384 bytes)
C2 CompilerThread2  18333 10100       4       org.eclipse.jdt.internal.compiler.parser.Parser::consumeRule (7748 bytes)
Total: 3

VM state: not at safepoint (normal execution)

VM Mutex/Monitor currently owned by a thread: None

Heap address: 0x0000000080000000, size: 2048 MB, Compressed Oops mode: 32-bit

CDS archive(s) mapped at: [0x000001fa9e000000-0x000001fa9eba0000-0x000001fa9eba0000), size 12189696, SharedBaseAddress: 0x000001fa9e000000, ArchiveRelocationMode: 1.
Compressed class space mapped at: 0x000001fa9f000000-0x000001fadf000000, reserved size: 1073741824
Narrow klass base: 0x000001fa9e000000, Narrow klass shift: 0, Narrow klass range: 0x100000000

GC Precious Log:
 CardTable entry size: 512
 CPUs: 8 total, 8 available
 Memory: 7834M
 Large Page Support: Disabled
 NUMA Support: Disabled
 Compressed Oops: Enabled (32-bit)
 Alignments: Space 512K, Generation 512K, Heap 2M
 Heap Min Capacity: 100M
 Heap Initial Capacity: 100M
 Heap Max Capacity: 2G
 Pre-touch: Disabled
 Parallel Workers: 8

Heap:
 PSYoungGen      total 9728K, used 6819K [0x00000000d5580000, 0x00000000d6380000, 0x0000000100000000)
  eden space 5120K, 51% used [0x00000000d5580000,0x00000000d5818c60,0x00000000d5a80000)
  from space 4608K, 90% used [0x00000000d5f00000,0x00000000d6310000,0x00000000d6380000)
  to   space 4608K, 0% used [0x00000000d5a80000,0x00000000d5a80000,0x00000000d5f00000)
 ParOldGen       total 143872K, used 122557K [0x0000000080000000, 0x0000000088c80000, 0x00000000d5580000)
  object space 143872K, 85% used [0x0000000080000000,0x00000000877af718,0x0000000088c80000)
 Metaspace       used 66747K, committed 68160K, reserved 1114112K
  class space    used 7643K, committed 8256K, reserved 1048576K

Card table byte_map: [0x000001fa868d0000,0x000001fa86ce0000] _byte_map_base: 0x000001fa864d0000

Marking Bits: (ParMarkBitMap*) 0x00007ffd2e82a340
 Begin Bits: [0x000001fa993d0000, 0x000001fa9b3d0000)
 End Bits:   [0x000001fa9b3d0000, 0x000001fa9d3d0000)

Polling page: 0x000001fa84d40000

Metaspace:

Usage:
  Non-class:     57.72 MB used.
      Class:      7.46 MB used.
       Both:     65.18 MB used.

Virtual space:
  Non-class space:       64.00 MB reserved,      58.50 MB ( 91%) committed,  1 nodes.
      Class space:        1.00 GB reserved,       8.06 MB ( <1%) committed,  1 nodes.
             Both:        1.06 GB reserved,      66.56 MB (  6%) committed. 

Chunk freelists:
   Non-Class:  5.50 MB
       Class:  7.78 MB
        Both:  13.28 MB

MaxMetaspaceSize: unlimited
CompressedClassSpaceSize: 1.00 GB
Initial GC threshold: 21.00 MB
Current GC threshold: 109.81 MB
CDS: on
 - commit_granule_bytes: 65536.
 - commit_granule_words: 8192.
 - virtual_space_node_default_size: 8388608.
 - enlarge_chunks_in_place: 1.
 - use_allocation_guard: 0.


Internal statistics:

num_allocs_failed_limit: 9.
num_arena_births: 1116.
num_arena_deaths: 14.
num_vsnodes_births: 2.
num_vsnodes_deaths: 0.
num_space_committed: 1065.
num_space_uncommitted: 0.
num_chunks_returned_to_freelist: 23.
num_chunks_taken_from_freelist: 4209.
num_chunk_merges: 13.
num_chunk_splits: 2611.
num_chunks_enlarged: 1529.
num_inconsistent_stats: 0.

CodeHeap 'non-profiled nmethods': size=120000Kb used=6166Kb max_used=6612Kb free=113833Kb
 bounds [0x000001fa91bf0000, 0x000001fa92270000, 0x000001fa99120000]
CodeHeap 'profiled nmethods': size=120000Kb used=16412Kb max_used=18427Kb free=103588Kb
 bounds [0x000001fa8a120000, 0x000001fa8b320000, 0x000001fa91650000]
CodeHeap 'non-nmethods': size=5760Kb used=1432Kb max_used=1503Kb free=4327Kb
 bounds [0x000001fa91650000, 0x000001fa918c0000, 0x000001fa91bf0000]
CodeCache: size=245760Kb, used=24010Kb, max_used=26542Kb, free=221748Kb
 total_blobs=9142, nmethods=8410, adapters=637, full_count=0
Compilation: enabled, stopped_count=0, restarted_count=0

Compilation events (20 events):
Event: 17.291 Thread 0x000001fa86ec86a0 10207       3       java.net.URI::hash (33 bytes)
Event: 17.291 Thread 0x000001fa86ec86a0 nmethod 10207 0x000001fa8a66ca10 code [0x000001fa8a66cc00, 0x000001fa8a66cec8]
Event: 17.291 Thread 0x000001fa86ec86a0 10201       3       lombok.eclipse.EclipseAST::buildMethod (110 bytes)
Event: 17.293 Thread 0x000001fa86ec86a0 nmethod 10201 0x000001fa8ac8bd90 code [0x000001fa8ac8c0a0, 0x000001fa8ac8d5d0]
Event: 17.293 Thread 0x000001fa86ec86a0 10209       3       org.eclipse.jdt.internal.compiler.parser.Scanner::isRestrictedKeyword (68 bytes)
Event: 17.294 Thread 0x000001fa86ec86a0 nmethod 10209 0x000001fa8a374f90 code [0x000001fa8a375140, 0x000001fa8a3753c8]
Event: 17.294 Thread 0x000001fa86ec86a0 10210       3       org.eclipse.jdt.internal.compiler.parser.Scanner::updateScanContext (275 bytes)
Event: 17.294 Thread 0x000001fa86ec86a0 nmethod 10210 0x000001fa8a456e10 code [0x000001fa8a457040, 0x000001fa8a457888]
Event: 17.294 Thread 0x000001fa86ec86a0 10211   !   3       org.eclipse.jdt.internal.compiler.parser.Scanner::getNextChar (169 bytes)
Event: 17.295 Thread 0x000001fa86ec86a0 nmethod 10211 0x000001fa8a16c310 code [0x000001fa8a16c520, 0x000001fa8a16cb78]
Event: 17.295 Thread 0x000001fa86ec86a0 10212       3       org.eclipse.jdt.internal.compiler.parser.Scanner::atTextBlockStart (6 bytes)
Event: 17.295 Thread 0x000001fa86ec86a0 nmethod 10212 0x000001fa8a2a4310 code [0x000001fa8a2a44c0, 0x000001fa8a2a4688]
Event: 17.295 Thread 0x000001fa86ec86a0 10213   !   3       org.eclipse.jdt.internal.compiler.parser.Scanner::atTextBlockDelimiter (165 bytes)
Event: 17.296 Thread 0x000001fa86ec86a0 nmethod 10213 0x000001fa8a28d390 code [0x000001fa8a28d5a0, 0x000001fa8a28db70]
Event: 17.296 Thread 0x000001fa86ec86a0 10214       3       org.eclipse.jdt.internal.compiler.ast.CompilationUnitDeclaration::isModuleInfo (11 bytes)
Event: 17.297 Thread 0x000001fa86ec86a0 nmethod 10214 0x000001fa8a430290 code [0x000001fa8a430460, 0x000001fa8a430648]
Event: 17.297 Thread 0x000001fa86ec86a0 10215       3       org.eclipse.jdt.internal.compiler.lookup.CompilationUnitScope::recordSimpleReference (18 bytes)
Event: 17.297 Thread 0x000001fa86ec86a0 nmethod 10215 0x000001fa8a352910 code [0x000001fa8a352ac0, 0x000001fa8a352c58]
Event: 17.298 Thread 0x000001fa86ec86a0 10216       3       org.eclipse.jdt.internal.compiler.env.IModuleAwareNameEnvironment$LookupStrategy::matches (12 bytes)
Event: 17.299 Thread 0x000001fa86ec86a0 nmethod 10216 0x000001fa8a769790 code [0x000001fa8a769960, 0x000001fa8a769c80]

GC Heap History (20 events):
Event: 16.793 GC heap after
{Heap after GC invocations=132 (full 3):
 PSYoungGen      total 1024K, used 0K [0x00000000d5580000, 0x00000000d6680000, 0x0000000100000000)
  eden space 512K, 0% used [0x00000000d5580000,0x00000000d5580000,0x00000000d5600000)
  from space 512K, 0% used [0x00000000d5600000,0x00000000d5600000,0x00000000d5680000)
  to   space 5632K, 0% used [0x00000000d6100000,0x00000000d6100000,0x00000000d6680000)
 ParOldGen       total 127488K, used 127272K [0x0000000080000000, 0x0000000087c80000, 0x00000000d5580000)
  object space 127488K, 99% used [0x0000000080000000,0x0000000087c4a110,0x0000000087c80000)
 Metaspace       used 66030K, committed 67456K, reserved 1114112K
  class space    used 7568K, committed 8192K, reserved 1048576K
}
Event: 16.793 GC heap before
{Heap before GC invocations=133 (full 4):
 PSYoungGen      total 1024K, used 0K [0x00000000d5580000, 0x00000000d6680000, 0x0000000100000000)
  eden space 512K, 0% used [0x00000000d5580000,0x00000000d5580000,0x00000000d5600000)
  from space 512K, 0% used [0x00000000d5600000,0x00000000d5600000,0x00000000d5680000)
  to   space 5632K, 0% used [0x00000000d6100000,0x00000000d6100000,0x00000000d6680000)
 ParOldGen       total 127488K, used 127272K [0x0000000080000000, 0x0000000087c80000, 0x00000000d5580000)
  object space 127488K, 99% used [0x0000000080000000,0x0000000087c4a110,0x0000000087c80000)
 Metaspace       used 66030K, committed 67456K, reserved 1114112K
  class space    used 7568K, committed 8192K, reserved 1048576K
}
Event: 16.921 GC heap after
{Heap after GC invocations=133 (full 4):
 PSYoungGen      total 1536K, used 0K [0x00000000d5580000, 0x00000000d6180000, 0x0000000100000000)
  eden space 1024K, 0% used [0x00000000d5580000,0x00000000d5580000,0x00000000d5680000)
  from space 512K, 0% used [0x00000000d6100000,0x00000000d6100000,0x00000000d6180000)
  to   space 5632K, 0% used [0x00000000d5680000,0x00000000d5680000,0x00000000d5c00000)
 ParOldGen       total 143872K, used 108916K [0x0000000080000000, 0x0000000088c80000, 0x00000000d5580000)
  object space 143872K, 75% used [0x0000000080000000,0x0000000086a5d0b0,0x0000000088c80000)
 Metaspace       used 66030K, committed 67456K, reserved 1114112K
  class space    used 7568K, committed 8192K, reserved 1048576K
}
Event: 16.927 GC heap before
{Heap before GC invocations=134 (full 4):
 PSYoungGen      total 1536K, used 1024K [0x00000000d5580000, 0x00000000d6180000, 0x0000000100000000)
  eden space 1024K, 100% used [0x00000000d5580000,0x00000000d5680000,0x00000000d5680000)
  from space 512K, 0% used [0x00000000d6100000,0x00000000d6100000,0x00000000d6180000)
  to   space 5632K, 0% used [0x00000000d5680000,0x00000000d5680000,0x00000000d5c00000)
 ParOldGen       total 143872K, used 108916K [0x0000000080000000, 0x0000000088c80000, 0x00000000d5580000)
  object space 143872K, 75% used [0x0000000080000000,0x0000000086a5d0b0,0x0000000088c80000)
 Metaspace       used 66032K, committed 67456K, reserved 1114112K
  class space    used 7568K, committed 8192K, reserved 1048576K
}
Event: 16.929 GC heap after
{Heap after GC invocations=134 (full 4):
 PSYoungGen      total 6656K, used 1085K [0x00000000d5580000, 0x00000000d6180000, 0x0000000100000000)
  eden space 1024K, 0% used [0x00000000d5580000,0x00000000d5580000,0x00000000d5680000)
  from space 5632K, 19% used [0x00000000d5680000,0x00000000d578f400,0x00000000d5c00000)
  to   space 2048K, 0% used [0x00000000d5f80000,0x00000000d5f80000,0x00000000d6180000)
 ParOldGen       total 143872K, used 108916K [0x0000000080000000, 0x0000000088c80000, 0x00000000d5580000)
  object space 143872K, 75% used [0x0000000080000000,0x0000000086a5d0b0,0x0000000088c80000)
 Metaspace       used 66032K, committed 67456K, reserved 1114112K
  class space    used 7568K, committed 8192K, reserved 1048576K
}
Event: 16.935 GC heap before
{Heap before GC invocations=135 (full 4):
 PSYoungGen      total 6656K, used 2109K [0x00000000d5580000, 0x00000000d6180000, 0x0000000100000000)
  eden space 1024K, 100% used [0x00000000d5580000,0x00000000d5680000,0x00000000d5680000)
  from space 5632K, 19% used [0x00000000d5680000,0x00000000d578f400,0x00000000d5c00000)
  to   space 2048K, 0% used [0x00000000d5f80000,0x00000000d5f80000,0x00000000d6180000)
 ParOldGen       total 143872K, used 108916K [0x0000000080000000, 0x0000000088c80000, 0x00000000d5580000)
  object space 143872K, 75% used [0x0000000080000000,0x0000000086a5d0b0,0x0000000088c80000)
 Metaspace       used 66032K, committed 67456K, reserved 1114112K
  class space    used 7568K, committed 8192K, reserved 1048576K
}
Event: 16.937 GC heap after
{Heap after GC invocations=135 (full 4):
 PSYoungGen      total 2048K, used 448K [0x00000000d5580000, 0x00000000d6000000, 0x0000000100000000)
  eden space 1536K, 0% used [0x00000000d5580000,0x00000000d5580000,0x00000000d5700000)
  from space 512K, 87% used [0x00000000d5f80000,0x00000000d5ff0000,0x00000000d6000000)
  to   space 1024K, 0% used [0x00000000d5e00000,0x00000000d5e00000,0x00000000d5f00000)
 ParOldGen       total 143872K, used 109841K [0x0000000080000000, 0x0000000088c80000, 0x00000000d5580000)
  object space 143872K, 76% used [0x0000000080000000,0x0000000086b444b0,0x0000000088c80000)
 Metaspace       used 66032K, committed 67456K, reserved 1114112K
  class space    used 7568K, committed 8192K, reserved 1048576K
}
Event: 16.946 GC heap before
{Heap before GC invocations=136 (full 4):
 PSYoungGen      total 2048K, used 1984K [0x00000000d5580000, 0x00000000d6000000, 0x0000000100000000)
  eden space 1536K, 100% used [0x00000000d5580000,0x00000000d5700000,0x00000000d5700000)
  from space 512K, 87% used [0x00000000d5f80000,0x00000000d5ff0000,0x00000000d6000000)
  to   space 1024K, 0% used [0x00000000d5e00000,0x00000000d5e00000,0x00000000d5f00000)
 ParOldGen       total 143872K, used 109841K [0x0000000080000000, 0x0000000088c80000, 0x00000000d5580000)
  object space 143872K, 76% used [0x0000000080000000,0x0000000086b444b0,0x0000000088c80000)
 Metaspace       used 66032K, committed 67456K, reserved 1114112K
  class space    used 7568K, committed 8192K, reserved 1048576K
}
Event: 16.949 GC heap after
{Heap after GC invocations=136 (full 4):
 PSYoungGen      total 3072K, used 1024K [0x00000000d5580000, 0x00000000d6000000, 0x0000000100000000)
  eden space 2048K, 0% used [0x00000000d5580000,0x00000000d5580000,0x00000000d5780000)
  from space 1024K, 100% used [0x00000000d5e00000,0x00000000d5f00000,0x00000000d5f00000)
  to   space 1024K, 0% used [0x00000000d5f00000,0x00000000d5f00000,0x00000000d6000000)
 ParOldGen       total 143872K, used 110369K [0x0000000080000000, 0x0000000088c80000, 0x00000000d5580000)
  object space 143872K, 76% used [0x0000000080000000,0x0000000086bc84b0,0x0000000088c80000)
 Metaspace       used 66032K, committed 67456K, reserved 1114112K
  class space    used 7568K, committed 8192K, reserved 1048576K
}
Event: 16.965 GC heap before
{Heap before GC invocations=137 (full 4):
 PSYoungGen      total 3072K, used 3072K [0x00000000d5580000, 0x00000000d6000000, 0x0000000100000000)
  eden space 2048K, 100% used [0x00000000d5580000,0x00000000d5780000,0x00000000d5780000)
  from space 1024K, 100% used [0x00000000d5e00000,0x00000000d5f00000,0x00000000d5f00000)
  to   space 1024K, 0% used [0x00000000d5f00000,0x00000000d5f00000,0x00000000d6000000)
 ParOldGen       total 143872K, used 110369K [0x0000000080000000, 0x0000000088c80000, 0x00000000d5580000)
  object space 143872K, 76% used [0x0000000080000000,0x0000000086bc84b0,0x0000000088c80000)
 Metaspace       used 66055K, committed 67520K, reserved 1114112K
  class space    used 7572K, committed 8192K, reserved 1048576K
}
Event: 16.970 GC heap after
{Heap after GC invocations=137 (full 4):
 PSYoungGen      total 3584K, used 1024K [0x00000000d5580000, 0x00000000d6000000, 0x0000000100000000)
  eden space 2560K, 0% used [0x00000000d5580000,0x00000000d5580000,0x00000000d5800000)
  from space 1024K, 100% used [0x00000000d5f00000,0x00000000d6000000,0x00000000d6000000)
  to   space 3072K, 0% used [0x00000000d5a00000,0x00000000d5a00000,0x00000000d5d00000)
 ParOldGen       total 143872K, used 112041K [0x0000000080000000, 0x0000000088c80000, 0x00000000d5580000)
  object space 143872K, 77% used [0x0000000080000000,0x0000000086d6a4b0,0x0000000088c80000)
 Metaspace       used 66055K, committed 67520K, reserved 1114112K
  class space    used 7572K, committed 8192K, reserved 1048576K
}
Event: 16.983 GC heap before
{Heap before GC invocations=138 (full 4):
 PSYoungGen      total 3584K, used 3584K [0x00000000d5580000, 0x00000000d6000000, 0x0000000100000000)
  eden space 2560K, 100% used [0x00000000d5580000,0x00000000d5800000,0x00000000d5800000)
  from space 1024K, 100% used [0x00000000d5f00000,0x00000000d6000000,0x00000000d6000000)
  to   space 3072K, 0% used [0x00000000d5a00000,0x00000000d5a00000,0x00000000d5d00000)
 ParOldGen       total 143872K, used 113763K [0x0000000080000000, 0x0000000088c80000, 0x00000000d5580000)
  object space 143872K, 79% used [0x0000000080000000,0x0000000086f18cb0,0x0000000088c80000)
 Metaspace       used 66098K, committed 67520K, reserved 1114112K
  class space    used 7579K, committed 8192K, reserved 1048576K
}
Event: 16.987 GC heap after
{Heap after GC invocations=138 (full 4):
 PSYoungGen      total 6144K, used 2202K [0x00000000d5580000, 0x00000000d5f80000, 0x0000000100000000)
  eden space 3072K, 0% used [0x00000000d5580000,0x00000000d5580000,0x00000000d5880000)
  from space 3072K, 71% used [0x00000000d5a00000,0x00000000d5c26800,0x00000000d5d00000)
  to   space 2560K, 0% used [0x00000000d5d00000,0x00000000d5d00000,0x00000000d5f80000)
 ParOldGen       total 143872K, used 114790K [0x0000000080000000, 0x0000000088c80000, 0x00000000d5580000)
  object space 143872K, 79% used [0x0000000080000000,0x0000000087019bf8,0x0000000088c80000)
 Metaspace       used 66098K, committed 67520K, reserved 1114112K
  class space    used 7579K, committed 8192K, reserved 1048576K
}
Event: 17.013 GC heap before
{Heap before GC invocations=139 (full 4):
 PSYoungGen      total 6144K, used 5274K [0x00000000d5580000, 0x00000000d5f80000, 0x0000000100000000)
  eden space 3072K, 100% used [0x00000000d5580000,0x00000000d5880000,0x00000000d5880000)
  from space 3072K, 71% used [0x00000000d5a00000,0x00000000d5c26800,0x00000000d5d00000)
  to   space 2560K, 0% used [0x00000000d5d00000,0x00000000d5d00000,0x00000000d5f80000)
 ParOldGen       total 143872K, used 114790K [0x0000000080000000, 0x0000000088c80000, 0x00000000d5580000)
  object space 143872K, 79% used [0x0000000080000000,0x0000000087019bf8,0x0000000088c80000)
 Metaspace       used 66137K, committed 67584K, reserved 1114112K
  class space    used 7585K, committed 8192K, reserved 1048576K
}
Event: 17.016 GC heap after
{Heap after GC invocations=139 (full 4):
 PSYoungGen      total 5120K, used 1024K [0x00000000d5580000, 0x00000000d5e00000, 0x0000000100000000)
  eden space 4096K, 0% used [0x00000000d5580000,0x00000000d5580000,0x00000000d5980000)
  from space 1024K, 100% used [0x00000000d5d00000,0x00000000d5e00000,0x00000000d5e00000)
  to   space 1536K, 0% used [0x00000000d5b00000,0x00000000d5b00000,0x00000000d5c80000)
 ParOldGen       total 143872K, used 116848K [0x0000000080000000, 0x0000000088c80000, 0x00000000d5580000)
  object space 143872K, 81% used [0x0000000080000000,0x000000008721c3f8,0x0000000088c80000)
 Metaspace       used 66137K, committed 67584K, reserved 1114112K
  class space    used 7585K, committed 8192K, reserved 1048576K
}
Event: 17.097 GC heap before
{Heap before GC invocations=140 (full 4):
 PSYoungGen      total 5120K, used 5120K [0x00000000d5580000, 0x00000000d5e00000, 0x0000000100000000)
  eden space 4096K, 100% used [0x00000000d5580000,0x00000000d5980000,0x00000000d5980000)
  from space 1024K, 100% used [0x00000000d5d00000,0x00000000d5e00000,0x00000000d5e00000)
  to   space 1536K, 0% used [0x00000000d5b00000,0x00000000d5b00000,0x00000000d5c80000)
 ParOldGen       total 143872K, used 116848K [0x0000000080000000, 0x0000000088c80000, 0x00000000d5580000)
  object space 143872K, 81% used [0x0000000080000000,0x000000008721c3f8,0x0000000088c80000)
 Metaspace       used 66484K, committed 67968K, reserved 1114112K
  class space    used 7614K, committed 8192K, reserved 1048576K
}
Event: 17.100 GC heap after
{Heap after GC invocations=140 (full 4):
 PSYoungGen      total 5632K, used 761K [0x00000000d5580000, 0x00000000d5d80000, 0x0000000100000000)
  eden space 4096K, 0% used [0x00000000d5580000,0x00000000d5580000,0x00000000d5980000)
  from space 1536K, 49% used [0x00000000d5b00000,0x00000000d5bbe490,0x00000000d5c80000)
  to   space 1024K, 0% used [0x00000000d5c80000,0x00000000d5c80000,0x00000000d5d80000)
 ParOldGen       total 143872K, used 117768K [0x0000000080000000, 0x0000000088c80000, 0x00000000d5580000)
  object space 143872K, 81% used [0x0000000080000000,0x00000000873023f8,0x0000000088c80000)
 Metaspace       used 66484K, committed 67968K, reserved 1114112K
  class space    used 7614K, committed 8192K, reserved 1048576K
}
Event: 17.217 GC heap before
{Heap before GC invocations=141 (full 4):
 PSYoungGen      total 5632K, used 4857K [0x00000000d5580000, 0x00000000d5d80000, 0x0000000100000000)
  eden space 4096K, 99% used [0x00000000d5580000,0x00000000d597fff0,0x00000000d5980000)
  from space 1536K, 49% used [0x00000000d5b00000,0x00000000d5bbe490,0x00000000d5c80000)
  to   space 1024K, 0% used [0x00000000d5c80000,0x00000000d5c80000,0x00000000d5d80000)
 ParOldGen       total 143872K, used 117768K [0x0000000080000000, 0x0000000088c80000, 0x00000000d5580000)
  object space 143872K, 81% used [0x0000000080000000,0x00000000873023f8,0x0000000088c80000)
 Metaspace       used 66660K, committed 68096K, reserved 1114112K
  class space    used 7638K, committed 8256K, reserved 1048576K
}
Event: 17.221 GC heap after
{Heap after GC invocations=141 (full 4):
 PSYoungGen      total 5120K, used 1024K [0x00000000d5580000, 0x00000000d5d80000, 0x0000000100000000)
  eden space 4096K, 0% used [0x00000000d5580000,0x00000000d5580000,0x00000000d5980000)
  from space 1024K, 100% used [0x00000000d5c80000,0x00000000d5d80000,0x00000000d5d80000)
  to   space 2048K, 0% used [0x00000000d5980000,0x00000000d5980000,0x00000000d5b80000)
 ParOldGen       total 143872K, used 118581K [0x0000000080000000, 0x0000000088c80000, 0x00000000d5580000)
  object space 143872K, 82% used [0x0000000080000000,0x00000000873cd480,0x0000000088c80000)
 Metaspace       used 66660K, committed 68096K, reserved 1114112K
  class space    used 7638K, committed 8256K, reserved 1048576K
}
Event: 17.399 GC heap before
{Heap before GC invocations=142 (full 4):
 PSYoungGen      total 5120K, used 5120K [0x00000000d5580000, 0x00000000d5d80000, 0x0000000100000000)
  eden space 4096K, 100% used [0x00000000d5580000,0x00000000d5980000,0x00000000d5980000)
  from space 1024K, 100% used [0x00000000d5c80000,0x00000000d5d80000,0x00000000d5d80000)
  to   space 2048K, 0% used [0x00000000d5980000,0x00000000d5980000,0x00000000d5b80000)
 ParOldGen       total 143872K, used 118581K [0x0000000080000000, 0x0000000088c80000, 0x00000000d5580000)
  object space 143872K, 82% used [0x0000000080000000,0x00000000873cd480,0x0000000088c80000)
 Metaspace       used 66747K, committed 68160K, reserved 1114112K
  class space    used 7643K, committed 8256K, reserved 1048576K
}

Dll operation events (13 events):
Event: 0.011 Loaded shared library c:\Users\RDL\.vscode\extensions\redhat.java-1.45.0-win32-x64\jre\21.0.8-win32-x86_64\bin\java.dll
Event: 0.079 Loaded shared library c:\Users\RDL\.vscode\extensions\redhat.java-1.45.0-win32-x64\jre\21.0.8-win32-x86_64\bin\zip.dll
Event: 0.102 Loaded shared library C:\Users\RDL\.vscode\extensions\redhat.java-1.45.0-win32-x64\jre\21.0.8-win32-x86_64\bin\instrument.dll
Event: 0.108 Loaded shared library C:\Users\RDL\.vscode\extensions\redhat.java-1.45.0-win32-x64\jre\21.0.8-win32-x86_64\bin\net.dll
Event: 0.110 Loaded shared library C:\Users\RDL\.vscode\extensions\redhat.java-1.45.0-win32-x64\jre\21.0.8-win32-x86_64\bin\nio.dll
Event: 0.113 Loaded shared library C:\Users\RDL\.vscode\extensions\redhat.java-1.45.0-win32-x64\jre\21.0.8-win32-x86_64\bin\zip.dll
Event: 0.129 Loaded shared library C:\Users\RDL\.vscode\extensions\redhat.java-1.45.0-win32-x64\jre\21.0.8-win32-x86_64\bin\jimage.dll
Event: 0.276 Loaded shared library c:\Users\RDL\.vscode\extensions\redhat.java-1.45.0-win32-x64\jre\21.0.8-win32-x86_64\bin\verify.dll
Event: 1.510 Loaded shared library C:\Users\RDL\AppData\Roaming\Code\User\globalStorage\redhat.java\1.45.0\config_win\org.eclipse.equinox.launcher\org.eclipse.equinox.launcher.win32.win32.x86_64_1.2.1400.v20250801-0854\eclipse_11916.dll
Event: 3.279 Loaded shared library C:\Users\RDL\AppData\Local\Temp\jna-80986\jna14578624353554529573.dll
Event: 10.178 Loaded shared library C:\Users\RDL\.gradle\native\1def1411415f61bf3af743bc5b6707747c0891f09f0c88961ee8f79bc544acac\windows-amd64\native-platform.dll
Event: 11.658 Loaded shared library C:\Users\RDL\.vscode\extensions\redhat.java-1.45.0-win32-x64\jre\21.0.8-win32-x86_64\bin\management.dll
Event: 11.660 Loaded shared library C:\Users\RDL\.vscode\extensions\redhat.java-1.45.0-win32-x64\jre\21.0.8-win32-x86_64\bin\management_ext.dll

Deoptimization events (20 events):
Event: 17.158 Thread 0x000001fae54688d0 Uncommon trap: trap_request=0xffffffc6 fr.pc=0x000001fa91fcf84c relative=0x000000000000726c
Event: 17.158 Thread 0x000001fae54688d0 Uncommon trap: reason=bimorphic_or_optimized_type_check action=maybe_recompile pc=0x000001fa91fcf84c method=org.eclipse.core.internal.resources.Resource.lambda$0(ILorg/eclipse/core/internal/resources/ResourceProxy;ILorg/eclipse/core/resources/IResourcePro
Event: 17.158 Thread 0x000001fae54688d0 DEOPT PACKING pc=0x000001fa91fcf84c sp=0x00000062df1fe2b0
Event: 17.158 Thread 0x000001fae54688d0 DEOPT UNPACKING pc=0x000001fa916a6da2 sp=0x00000062df1fe2a8 mode 2
Event: 17.158 Thread 0x000001fae54688d0 Uncommon trap: trap_request=0xffffffc6 fr.pc=0x000001fa91fcf84c relative=0x000000000000726c
Event: 17.158 Thread 0x000001fae54688d0 Uncommon trap: reason=bimorphic_or_optimized_type_check action=maybe_recompile pc=0x000001fa91fcf84c method=org.eclipse.core.internal.resources.Resource.lambda$0(ILorg/eclipse/core/internal/resources/ResourceProxy;ILorg/eclipse/core/resources/IResourcePro
Event: 17.158 Thread 0x000001fae54688d0 DEOPT PACKING pc=0x000001fa91fcf84c sp=0x00000062df1fe2b0
Event: 17.158 Thread 0x000001fae54688d0 DEOPT UNPACKING pc=0x000001fa916a6da2 sp=0x00000062df1fe2a8 mode 2
Event: 17.158 Thread 0x000001fae54688d0 Uncommon trap: trap_request=0xffffffc6 fr.pc=0x000001fa91fcf84c relative=0x000000000000726c
Event: 17.158 Thread 0x000001fae54688d0 Uncommon trap: reason=bimorphic_or_optimized_type_check action=maybe_recompile pc=0x000001fa91fcf84c method=org.eclipse.core.internal.resources.Resource.lambda$0(ILorg/eclipse/core/internal/resources/ResourceProxy;ILorg/eclipse/core/resources/IResourcePro
Event: 17.158 Thread 0x000001fae54688d0 DEOPT PACKING pc=0x000001fa91fcf84c sp=0x00000062df1fe250
Event: 17.158 Thread 0x000001fae54688d0 DEOPT UNPACKING pc=0x000001fa916a6da2 sp=0x00000062df1fe248 mode 2
Event: 17.179 Thread 0x000001fae5467bb0 Uncommon trap: trap_request=0xffffff45 fr.pc=0x000001fa91ca92d4 relative=0x0000000000000e94
Event: 17.179 Thread 0x000001fae5467bb0 Uncommon trap: reason=unstable_if action=reinterpret pc=0x000001fa91ca92d4 method=org.eclipse.jdt.internal.core.index.DiskIndex.mergeCategory([CLorg/eclipse/jdt/internal/core/index/DiskIndex;[ILjava/io/OutputStream;)V @ 152 c2
Event: 17.179 Thread 0x000001fae5467bb0 DEOPT PACKING pc=0x000001fa91ca92d4 sp=0x00000062df0fee70
Event: 17.179 Thread 0x000001fae5467bb0 DEOPT UNPACKING pc=0x000001fa916a6da2 sp=0x00000062df0fee50 mode 2
Event: 17.226 Thread 0x000001fae5467bb0 Uncommon trap: trap_request=0xffffff45 fr.pc=0x000001fa91d8b1b8 relative=0x0000000000001578
Event: 17.226 Thread 0x000001fae5467bb0 Uncommon trap: reason=unstable_if action=reinterpret pc=0x000001fa91d8b1b8 method=org.eclipse.jdt.internal.core.index.DiskIndex.mergeCategory([CLorg/eclipse/jdt/internal/core/index/DiskIndex;[ILjava/io/OutputStream;)V @ 278 c2
Event: 17.226 Thread 0x000001fae5467bb0 DEOPT PACKING pc=0x000001fa91d8b1b8 sp=0x00000062df0fee70
Event: 17.226 Thread 0x000001fae5467bb0 DEOPT UNPACKING pc=0x000001fa916a6da2 sp=0x00000062df0fee48 mode 2

Classes loaded (20 events):
Event: 12.427 Loading class java/util/stream/DistinctOps$1$2
Event: 12.427 Loading class java/util/stream/DistinctOps$1$2 done
Event: 16.622 Loading class java/nio/charset/CharacterCodingException
Event: 16.622 Loading class java/nio/charset/CharacterCodingException done
Event: 16.622 Loading class java/io/SequenceInputStream
Event: 16.622 Loading class java/io/SequenceInputStream done
Event: 17.056 Loading class java/util/zip/CheckedInputStream
Event: 17.057 Loading class java/util/zip/CheckedInputStream done
Event: 17.152 Loading class java/util/TreeMap$AscendingSubMap
Event: 17.152 Loading class java/util/TreeMap$NavigableSubMap
Event: 17.153 Loading class java/util/TreeMap$NavigableSubMap done
Event: 17.153 Loading class java/util/TreeMap$AscendingSubMap done
Event: 17.154 Loading class java/util/TreeMap$AscendingSubMap$AscendingEntrySetView
Event: 17.154 Loading class java/util/TreeMap$NavigableSubMap$EntrySetView
Event: 17.155 Loading class java/util/TreeMap$NavigableSubMap$EntrySetView done
Event: 17.155 Loading class java/util/TreeMap$AscendingSubMap$AscendingEntrySetView done
Event: 17.155 Loading class java/util/TreeMap$NavigableSubMap$SubMapEntryIterator
Event: 17.155 Loading class java/util/TreeMap$NavigableSubMap$SubMapIterator
Event: 17.155 Loading class java/util/TreeMap$NavigableSubMap$SubMapIterator done
Event: 17.155 Loading class java/util/TreeMap$NavigableSubMap$SubMapEntryIterator done

Classes unloaded (7 events):
Event: 3.918 Thread 0x000001fa86fcfb30 Unloading class 0x000001fa9f1aa800 'java/lang/invoke/LambdaForm$MH+0x000001fa9f1aa800'
Event: 3.918 Thread 0x000001fa86fcfb30 Unloading class 0x000001fa9f1aa400 'java/lang/invoke/LambdaForm$MH+0x000001fa9f1aa400'
Event: 3.918 Thread 0x000001fa86fcfb30 Unloading class 0x000001fa9f1aa000 'java/lang/invoke/LambdaForm$MH+0x000001fa9f1aa000'
Event: 3.918 Thread 0x000001fa86fcfb30 Unloading class 0x000001fa9f1a9c00 'java/lang/invoke/LambdaForm$MH+0x000001fa9f1a9c00'
Event: 3.918 Thread 0x000001fa86fcfb30 Unloading class 0x000001fa9f1a9800 'java/lang/invoke/LambdaForm$BMH+0x000001fa9f1a9800'
Event: 3.918 Thread 0x000001fa86fcfb30 Unloading class 0x000001fa9f1a9400 'java/lang/invoke/LambdaForm$DMH+0x000001fa9f1a9400'
Event: 3.918 Thread 0x000001fa86fcfb30 Unloading class 0x000001fa9f1a8000 'java/lang/invoke/LambdaForm$DMH+0x000001fa9f1a8000'

Classes redefined (0 events):
No events

Internal exceptions (20 events):
Event: 17.038 Thread 0x000001fae54688d0 Exception <a 'java/io/FileNotFoundException'{0x00000000d5643a30}> (0x00000000d5643a30) 
thrown [s\src\hotspot\share\prims\jni.cpp, line 520]
Event: 17.115 Thread 0x000001fae54688d0 Exception <a 'sun/nio/fs/WindowsException'{0x00000000d56037a0}> (0x00000000d56037a0) 
thrown [s\src\hotspot\share\prims\jni.cpp, line 520]
Event: 17.118 Thread 0x000001faf1668610 Exception <a 'sun/nio/fs/WindowsException'{0x00000000d561c958}> (0x00000000d561c958) 
thrown [s\src\hotspot\share\prims\jni.cpp, line 520]
Event: 17.118 Thread 0x000001faf1668ca0 Exception <a 'sun/nio/fs/WindowsException'{0x00000000d5621c98}> (0x00000000d5621c98) 
thrown [s\src\hotspot\share\prims\jni.cpp, line 520]
Event: 17.118 Thread 0x000001faf1665eb0 Exception <a 'sun/nio/fs/WindowsException'{0x00000000d5626cc8}> (0x00000000d5626cc8) 
thrown [s\src\hotspot\share\prims\jni.cpp, line 520]
Event: 17.119 Thread 0x000001faf1666bd0 Exception <a 'sun/nio/fs/WindowsException'{0x00000000d5631478}> (0x00000000d5631478) 
thrown [s\src\hotspot\share\prims\jni.cpp, line 520]
Event: 17.119 Thread 0x000001faf1668ca0 Exception <a 'sun/nio/fs/WindowsException'{0x00000000d56239b8}> (0x00000000d56239b8) 
thrown [s\src\hotspot\share\prims\jni.cpp, line 520]
Event: 17.120 Thread 0x000001faf1666540 Exception <a 'sun/nio/fs/WindowsException'{0x00000000d5640ae0}> (0x00000000d5640ae0) 
thrown [s\src\hotspot\share\prims\jni.cpp, line 520]
Event: 17.120 Thread 0x000001faf1667260 Exception <a 'sun/nio/fs/WindowsException'{0x00000000d563b818}> (0x00000000d563b818) 
thrown [s\src\hotspot\share\prims\jni.cpp, line 520]
Event: 17.120 Thread 0x000001faf16699c0 Exception <a 'sun/nio/fs/WindowsException'{0x00000000d5636508}> (0x00000000d5636508) 
thrown [s\src\hotspot\share\prims\jni.cpp, line 520]
Event: 17.120 Thread 0x000001faf1668610 Exception <a 'sun/nio/fs/WindowsException'{0x00000000d562cc40}> (0x00000000d562cc40) 
thrown [s\src\hotspot\share\prims\jni.cpp, line 520]
Event: 17.120 Thread 0x000001faf16699c0 Exception <a 'sun/nio/fs/WindowsException'{0x00000000d5638460}> (0x00000000d5638460) 
thrown [s\src\hotspot\share\prims\jni.cpp, line 520]
Event: 17.121 Thread 0x000001faf1668610 Exception <a 'sun/nio/fs/WindowsException'{0x00000000d562e1f8}> (0x00000000d562e1f8) 
thrown [s\src\hotspot\share\prims\jni.cpp, line 520]
Event: 17.122 Thread 0x000001faf1666bd0 Exception <a 'sun/nio/fs/WindowsException'{0x00000000d5633278}> (0x00000000d5633278) 
thrown [s\src\hotspot\share\prims\jni.cpp, line 520]
Event: 17.122 Thread 0x000001faf1665eb0 Exception <a 'sun/nio/fs/WindowsException'{0x00000000d5629898}> (0x00000000d5629898) 
thrown [s\src\hotspot\share\prims\jni.cpp, line 520]
Event: 17.125 Thread 0x000001faf1666540 Exception <a 'sun/nio/fs/WindowsException'{0x00000000d5646650}> (0x00000000d5646650) 
thrown [s\src\hotspot\share\prims\jni.cpp, line 520]
Event: 17.127 Thread 0x000001faf1665eb0 Exception <a 'sun/nio/fs/WindowsException'{0x00000000d566a598}> (0x00000000d566a598) 
thrown [s\src\hotspot\share\prims\jni.cpp, line 520]
Event: 17.127 Thread 0x000001faf1666bd0 Exception <a 'sun/nio/fs/WindowsException'{0x00000000d56350a0}> (0x00000000d56350a0) 
thrown [s\src\hotspot\share\prims\jni.cpp, line 520]
Event: 17.131 Thread 0x000001faf1666bd0 Exception <a 'sun/nio/fs/WindowsException'{0x00000000d5672900}> (0x00000000d5672900) 
thrown [s\src\hotspot\share\prims\jni.cpp, line 520]
Event: 17.141 Thread 0x000001faf1666540 Exception <a 'sun/nio/fs/WindowsException'{0x00000000d5678468}> (0x00000000d5678468) 
thrown [s\src\hotspot\share\prims\jni.cpp, line 520]

ZGC Phase Switch (0 events):
No events

VM Operations (20 events):
Event: 16.937 Executing VM operation: ParallelGCFailedAllocation (Allocation Failure) done
Event: 16.946 Executing VM operation: ParallelGCFailedAllocation (Allocation Failure)
Event: 16.949 Executing VM operation: ParallelGCFailedAllocation (Allocation Failure) done
Event: 16.965 Executing VM operation: ParallelGCFailedAllocation (Allocation Failure)
Event: 16.970 Executing VM operation: ParallelGCFailedAllocation (Allocation Failure) done
Event: 16.983 Executing VM operation: ParallelGCFailedAllocation (Allocation Failure)
Event: 16.987 Executing VM operation: ParallelGCFailedAllocation (Allocation Failure) done
Event: 17.013 Executing VM operation: ParallelGCFailedAllocation (Allocation Failure)
Event: 17.016 Executing VM operation: ParallelGCFailedAllocation (Allocation Failure) done
Event: 17.045 Executing VM operation: HandshakeAllThreads (Deoptimize)
Event: 17.045 Executing VM operation: HandshakeAllThreads (Deoptimize) done
Event: 17.092 Executing VM operation: HandshakeAllThreads (Deoptimize)
Event: 17.092 Executing VM operation: HandshakeAllThreads (Deoptimize) done
Event: 17.097 Executing VM operation: ParallelGCFailedAllocation (Allocation Failure)
Event: 17.100 Executing VM operation: ParallelGCFailedAllocation (Allocation Failure) done
Event: 17.111 Executing VM operation: HandshakeAllThreads (Deoptimize)
Event: 17.111 Executing VM operation: HandshakeAllThreads (Deoptimize) done
Event: 17.217 Executing VM operation: ParallelGCFailedAllocation (Allocation Failure)
Event: 17.221 Executing VM operation: ParallelGCFailedAllocation (Allocation Failure) done
Event: 17.399 Executing VM operation: ParallelGCFailedAllocation (Allocation Failure)

Memory protections (0 events):
No events

Nmethod flushes (20 events):
Event: 16.848 Thread 0x000001fa86fcfb30 flushing  nmethod 0x000001fa8b07ce10
Event: 16.848 Thread 0x000001fa86fcfb30 flushing  nmethod 0x000001fa8b090790
Event: 16.848 Thread 0x000001fa86fcfb30 flushing  nmethod 0x000001fa8b090f10
Event: 16.848 Thread 0x000001fa86fcfb30 flushing  nmethod 0x000001fa8b091310
Event: 16.848 Thread 0x000001fa86fcfb30 flushing  nmethod 0x000001fa8b091710
Event: 16.848 Thread 0x000001fa86fcfb30 flushing  nmethod 0x000001fa8b092410
Event: 16.848 Thread 0x000001fa86fcfb30 flushing  nmethod 0x000001fa8b098190
Event: 16.848 Thread 0x000001fa86fcfb30 flushing  nmethod 0x000001fa8b098b10
Event: 16.848 Thread 0x000001fa86fcfb30 flushing  nmethod 0x000001fa8b0e2b10
Event: 16.848 Thread 0x000001fa86fcfb30 flushing  nmethod 0x000001fa8b0ee910
Event: 16.848 Thread 0x000001fa86fcfb30 flushing  nmethod 0x000001fa8b0f8690
Event: 16.848 Thread 0x000001fa86fcfb30 flushing  nmethod 0x000001fa8b0fc590
Event: 16.848 Thread 0x000001fa86fcfb30 flushing  nmethod 0x000001fa8b0fd390
Event: 16.848 Thread 0x000001fa86fcfb30 flushing  nmethod 0x000001fa8b10f410
Event: 16.848 Thread 0x000001fa86fcfb30 flushing  nmethod 0x000001fa8b126b10
Event: 16.848 Thread 0x000001fa86fcfb30 flushing  nmethod 0x000001fa8b129890
Event: 16.848 Thread 0x000001fa86fcfb30 flushing  nmethod 0x000001fa8b139410
Event: 16.848 Thread 0x000001fa86fcfb30 flushing  nmethod 0x000001fa8b15cf90
Event: 16.848 Thread 0x000001fa86fcfb30 flushing  nmethod 0x000001fa8b15f110
Event: 16.848 Thread 0x000001fa86fcfb30 flushing  nmethod 0x000001fa8b170e90

Events (20 events):
Event: 12.358 Thread 0x000001fae8370750 Thread added: 0x000001fae836c5b0
Event: 12.623 Thread 0x000001fae8370750 Thread added: 0x000001fae8371b00
Event: 12.624 Thread 0x000001fae836c5b0 Thread added: 0x000001fae8372820
Event: 12.630 Thread 0x000001fae836b890 Thread added: 0x000001fae8372eb0
Event: 12.633 Thread 0x000001fae8372eb0 Thread added: 0x000001fae83700c0
Event: 12.641 Thread 0x000001fae83700c0 Thread added: 0x000001faf16678f0
Event: 17.117 Thread 0x000001fae54688d0 Thread added: 0x000001faf1668610
Event: 17.117 Thread 0x000001faf1668610 Thread added: 0x000001faf1668ca0
Event: 17.117 Thread 0x000001faf1668ca0 Thread added: 0x000001faf1665eb0
Event: 17.118 Thread 0x000001faf1668610 Thread added: 0x000001faf1666bd0
Event: 17.118 Thread 0x000001faf1665eb0 Thread added: 0x000001faf1667260
Event: 17.118 Thread 0x000001faf1668ca0 Thread added: 0x000001faf1669330
Event: 17.119 Thread 0x000001faf1666bd0 Thread added: 0x000001faf16699c0
Event: 17.119 Thread 0x000001faf1665eb0 Thread added: 0x000001faf1666540
Event: 17.207 Thread 0x000001fae54688d0 Thread added: 0x000001faf166c7b0
Event: 17.207 Thread 0x000001fae54688d0 Thread added: 0x000001faf166d4d0
Event: 17.207 Thread 0x000001fae54688d0 Thread added: 0x000001faf166a050
Event: 17.207 Thread 0x000001fae54688d0 Thread added: 0x000001faf166ad70
Event: 17.207 Thread 0x000001faf166c7b0 Thread added: 0x000001faf166a6e0
Event: 17.207 Thread 0x000001faf166d4d0 Thread added: 0x000001faf166ce40


Dynamic libraries:
0x00007ff693830000 - 0x00007ff69383e000 	c:\Users\RDL\.vscode\extensions\redhat.java-1.45.0-win32-x64\jre\21.0.8-win32-x86_64\bin\java.exe
0x00007ffdc33c0000 - 0x00007ffdc3629000 	C:\WINDOWS\SYSTEM32\ntdll.dll
0x00007ffdc2790000 - 0x00007ffdc2859000 	C:\WINDOWS\System32\KERNEL32.DLL
0x00007ffdc0770000 - 0x00007ffdc0b63000 	C:\WINDOWS\System32\KERNELBASE.dll
0x00007ffdc0c10000 - 0x00007ffdc0d5b000 	C:\WINDOWS\System32\ucrtbase.dll
0x00007ffd91c30000 - 0x00007ffd91c4e000 	c:\Users\RDL\.vscode\extensions\redhat.java-1.45.0-win32-x64\jre\21.0.8-win32-x86_64\bin\VCRUNTIME140.dll
0x00007ffd92040000 - 0x00007ffd92058000 	c:\Users\RDL\.vscode\extensions\redhat.java-1.45.0-win32-x64\jre\21.0.8-win32-x86_64\bin\jli.dll
0x00007ffdc1c30000 - 0x00007ffdc1df4000 	C:\WINDOWS\System32\USER32.dll
0x00007ffda3000000 - 0x00007ffda3293000 	C:\WINDOWS\WinSxS\amd64_microsoft.windows.common-controls_6595b64144ccf1df_6.0.26100.5074_none_3e0d6f78e32fd63f\COMCTL32.dll
0x00007ffdc1160000 - 0x00007ffdc1187000 	C:\WINDOWS\System32\win32u.dll
0x00007ffdc1190000 - 0x00007ffdc1239000 	C:\WINDOWS\System32\msvcrt.dll
0x00007ffdc31f0000 - 0x00007ffdc321b000 	C:\WINDOWS\System32\GDI32.dll
0x00007ffdc0f70000 - 0x00007ffdc109d000 	C:\WINDOWS\System32\gdi32full.dll
0x00007ffdc06c0000 - 0x00007ffdc0763000 	C:\WINDOWS\System32\msvcp_win.dll
0x00007ffdc2310000 - 0x00007ffdc233f000 	C:\WINDOWS\System32\IMM32.DLL
0x00007ffda6100000 - 0x00007ffda610c000 	c:\Users\RDL\.vscode\extensions\redhat.java-1.45.0-win32-x64\jre\21.0.8-win32-x86_64\bin\vcruntime140_1.dll
0x00007ffd583e0000 - 0x00007ffd5846d000 	c:\Users\RDL\.vscode\extensions\redhat.java-1.45.0-win32-x64\jre\21.0.8-win32-x86_64\bin\msvcp140.dll
0x00007ffd2db70000 - 0x00007ffd2e907000 	c:\Users\RDL\.vscode\extensions\redhat.java-1.45.0-win32-x64\jre\21.0.8-win32-x86_64\bin\server\jvm.dll
0x00007ffdc2350000 - 0x00007ffdc2404000 	C:\WINDOWS\System32\ADVAPI32.dll
0x00007ffdc2db0000 - 0x00007ffdc2e56000 	C:\WINDOWS\System32\sechost.dll
0x00007ffdc28d0000 - 0x00007ffdc29e8000 	C:\WINDOWS\System32\RPCRT4.dll
0x00007ffdc3300000 - 0x00007ffdc3374000 	C:\WINDOWS\System32\WS2_32.dll
0x00007ffdc03d0000 - 0x00007ffdc042e000 	C:\WINDOWS\SYSTEM32\POWRPROF.dll
0x00007ffdb5ab0000 - 0x00007ffdb5ae5000 	C:\WINDOWS\SYSTEM32\WINMM.dll
0x00007ffdade70000 - 0x00007ffdade7b000 	C:\WINDOWS\SYSTEM32\VERSION.dll
0x00007ffdc0390000 - 0x00007ffdc03a4000 	C:\WINDOWS\SYSTEM32\UMPDC.dll
0x00007ffdbf330000 - 0x00007ffdbf34b000 	C:\WINDOWS\SYSTEM32\kernel.appcore.dll
0x00007ffda5fd0000 - 0x00007ffda5fda000 	c:\Users\RDL\.vscode\extensions\redhat.java-1.45.0-win32-x64\jre\21.0.8-win32-x86_64\bin\jimage.dll
0x00007ffdbdc70000 - 0x00007ffdbdeb2000 	C:\WINDOWS\SYSTEM32\DBGHELP.DLL
0x00007ffdc2e60000 - 0x00007ffdc31db000 	C:\WINDOWS\System32\combase.dll
0x00007ffdc3220000 - 0x00007ffdc32f7000 	C:\WINDOWS\System32\OLEAUT32.dll
0x00007ffda1870000 - 0x00007ffda18ad000 	C:\WINDOWS\SYSTEM32\dbgcore.DLL
0x00007ffdc0b70000 - 0x00007ffdc0c09000 	C:\WINDOWS\System32\bcryptPrimitives.dll
0x00007ffdb0d90000 - 0x00007ffdb0d9f000 	c:\Users\RDL\.vscode\extensions\redhat.java-1.45.0-win32-x64\jre\21.0.8-win32-x86_64\bin\instrument.dll
0x00007ffd97560000 - 0x00007ffd9757f000 	c:\Users\RDL\.vscode\extensions\redhat.java-1.45.0-win32-x64\jre\21.0.8-win32-x86_64\bin\java.dll
0x00007ffdc1370000 - 0x00007ffdc1abd000 	C:\WINDOWS\System32\SHELL32.dll
0x00007ffdc0550000 - 0x00007ffdc06bc000 	C:\WINDOWS\System32\wintypes.dll
0x00007ffdbe180000 - 0x00007ffdbe9d9000 	C:\WINDOWS\SYSTEM32\windows.storage.dll
0x00007ffdc2cb0000 - 0x00007ffdc2da0000 	C:\WINDOWS\System32\SHCORE.dll
0x00007ffdc1bc0000 - 0x00007ffdc1c22000 	C:\WINDOWS\System32\shlwapi.dll
0x00007ffdc0470000 - 0x00007ffdc0499000 	C:\WINDOWS\SYSTEM32\profapi.dll
0x00007ffd88a70000 - 0x00007ffd88a88000 	c:\Users\RDL\.vscode\extensions\redhat.java-1.45.0-win32-x64\jre\21.0.8-win32-x86_64\bin\zip.dll
0x00007ffda4200000 - 0x00007ffda4210000 	C:\Users\RDL\.vscode\extensions\redhat.java-1.45.0-win32-x64\jre\21.0.8-win32-x86_64\bin\net.dll
0x00007ffdb52b0000 - 0x00007ffdb53cf000 	C:\WINDOWS\SYSTEM32\WINHTTP.dll
0x00007ffdbf8b0000 - 0x00007ffdbf91b000 	C:\WINDOWS\system32\mswsock.dll
0x00007ffd7d300000 - 0x00007ffd7d316000 	C:\Users\RDL\.vscode\extensions\redhat.java-1.45.0-win32-x64\jre\21.0.8-win32-x86_64\bin\nio.dll
0x00007ffda7d20000 - 0x00007ffda7d30000 	c:\Users\RDL\.vscode\extensions\redhat.java-1.45.0-win32-x64\jre\21.0.8-win32-x86_64\bin\verify.dll
0x00007ffda6060000 - 0x00007ffda60a4000 	C:\Users\RDL\AppData\Roaming\Code\User\globalStorage\redhat.java\1.45.0\config_win\org.eclipse.equinox.launcher\org.eclipse.equinox.launcher.win32.win32.x86_64_1.2.1400.v20250801-0854\eclipse_11916.dll
0x00007ffdc2410000 - 0x00007ffdc25a8000 	C:\WINDOWS\System32\ole32.dll
0x00007ffdbfb50000 - 0x00007ffdbfb6b000 	C:\WINDOWS\SYSTEM32\CRYPTSP.dll
0x00007ffdbf290000 - 0x00007ffdbf2cb000 	C:\WINDOWS\system32\rsaenh.dll
0x00007ffdbf950000 - 0x00007ffdbf97b000 	C:\WINDOWS\SYSTEM32\USERENV.dll
0x00007ffdc0440000 - 0x00007ffdc0466000 	C:\WINDOWS\SYSTEM32\bcrypt.dll
0x00007ffdbfb70000 - 0x00007ffdbfb7c000 	C:\WINDOWS\SYSTEM32\CRYPTBASE.dll
0x00007ffdbed00000 - 0x00007ffdbed34000 	C:\WINDOWS\SYSTEM32\IPHLPAPI.DLL
0x00007ffdc2c90000 - 0x00007ffdc2c9a000 	C:\WINDOWS\System32\NSI.dll
0x00007ffd976e0000 - 0x00007ffd97729000 	C:\Users\RDL\AppData\Local\Temp\jna-80986\jna14578624353554529573.dll
0x00007ffdc31e0000 - 0x00007ffdc31e8000 	C:\WINDOWS\System32\PSAPI.DLL
0x00007ffdb7a50000 - 0x00007ffdb7a6e000 	C:\WINDOWS\SYSTEM32\dhcpcsvc6.DLL
0x00007ffdb7860000 - 0x00007ffdb7883000 	C:\WINDOWS\SYSTEM32\dhcpcsvc.DLL
0x00007ffda60b0000 - 0x00007ffda60d7000 	C:\Users\RDL\.gradle\native\1def1411415f61bf3af743bc5b6707747c0891f09f0c88961ee8f79bc544acac\windows-amd64\native-platform.dll
0x00007ffdb0df0000 - 0x00007ffdb0dfa000 	C:\Users\RDL\.vscode\extensions\redhat.java-1.45.0-win32-x64\jre\21.0.8-win32-x86_64\bin\management.dll
0x00007ffdb0de0000 - 0x00007ffdb0deb000 	C:\Users\RDL\.vscode\extensions\redhat.java-1.45.0-win32-x64\jre\21.0.8-win32-x86_64\bin\management_ext.dll

JVMTI agents:
c:\Users\RDL\.vscode\extensions\redhat.java-1.45.0-win32-x64\lombok\lombok-1.18.39-4050.jar path:c:\Users\RDL\.vscode\extensions\redhat.java-1.45.0-win32-x64\jre\21.0.8-win32-x86_64\bin\instrument.dll, loaded, initialized, instrumentlib options:none

dbghelp: loaded successfully - version: 4.0.5 - missing functions: none
symbol engine: initialized successfully - sym options: 0x614 - pdb path: .;c:\Users\RDL\.vscode\extensions\redhat.java-1.45.0-win32-x64\jre\21.0.8-win32-x86_64\bin;C:\WINDOWS\SYSTEM32;C:\WINDOWS\WinSxS\amd64_microsoft.windows.common-controls_6595b64144ccf1df_6.0.26100.5074_none_3e0d6f78e32fd63f;c:\Users\RDL\.vscode\extensions\redhat.java-1.45.0-win32-x64\jre\21.0.8-win32-x86_64\bin\server;C:\Users\RDL\AppData\Roaming\Code\User\globalStorage\redhat.java\1.45.0\config_win\org.eclipse.equinox.launcher\org.eclipse.equinox.launcher.win32.win32.x86_64_1.2.1400.v20250801-0854;C:\Users\RDL\AppData\Local\Temp\jna-80986;C:\Users\RDL\.gradle\native\1def1411415f61bf3af743bc5b6707747c0891f09f0c88961ee8f79bc544acac\windows-amd64

VM Arguments:
jvm_args: --add-modules=ALL-SYSTEM --add-opens=java.base/java.util=ALL-UNNAMED --add-opens=java.base/java.lang=ALL-UNNAMED --add-opens=java.base/sun.nio.fs=ALL-UNNAMED -Declipse.application=org.eclipse.jdt.ls.core.id1 -Dosgi.bundles.defaultStartLevel=4 -Declipse.product=org.eclipse.jdt.ls.core.product -Djava.import.generatesMetadataFilesAtProjectRoot=false -DDetectVMInstallationsJob.disabled=true -Dfile.encoding=utf8 -XX:+UseParallelGC -XX:GCTimeRatio=4 -XX:AdaptiveSizePolicyWeight=90 -Dsun.zip.disableMemoryMapping=true -Xmx2G -Xms100m -Xlog:disable -javaagent:c:\Users\RDL\.vscode\extensions\redhat.java-1.45.0-win32-x64\lombok\lombok-1.18.39-4050.jar -XX:+HeapDumpOnOutOfMemoryError -XX:HeapDumpPath=c:\Users\RDL\AppData\Roaming\Code\User\workspaceStorage\6c309863c913f8f8024e095778b5f876\redhat.java -Daether.dependencyCollector.impl=bf 
java_command: c:\Users\RDL\.vscode\extensions\redhat.java-1.45.0-win32-x64\server\plugins\org.eclipse.equinox.launcher_1.7.0.v20250519-0528.jar -configuration c:\Users\RDL\AppData\Roaming\Code\User\globalStorage\redhat.java\1.45.0\config_win -data c:\Users\RDL\AppData\Roaming\Code\User\workspaceStorage\6c309863c913f8f8024e095778b5f876\redhat.java\jdt_ws --pipe=\\.\pipe\lsp-e178617ba603895f1f09ce7358767438-sock
java_class_path (initial): c:\Users\RDL\.vscode\extensions\redhat.java-1.45.0-win32-x64\server\plugins\org.eclipse.equinox.launcher_1.7.0.v20250519-0528.jar
Launcher Type: SUN_STANDARD

[Global flags]
    uintx AdaptiveSizePolicyWeight                 = 90                                        {product} {command line}
     intx CICompilerCount                          = 4                                         {product} {ergonomic}
    uintx GCTimeRatio                              = 4                                         {product} {command line}
     bool HeapDumpOnOutOfMemoryError               = true                                   {manageable} {command line}
    ccstr HeapDumpPath                             = c:\Users\RDL\AppData\Roaming\Code\User\workspaceStorage\6c309863c913f8f8024e095778b5f876\redhat.java         {manageable} {command line}
   size_t InitialHeapSize                          = 104857600                                 {product} {command line}
   size_t MaxHeapSize                              = 2147483648                                {product} {command line}
   size_t MaxNewSize                               = 715653120                                 {product} {ergonomic}
   size_t MinHeapDeltaBytes                        = 524288                                    {product} {ergonomic}
   size_t MinHeapSize                              = 104857600                                 {product} {command line}
   size_t NewSize                                  = 34603008                                  {product} {ergonomic}
    uintx NonNMethodCodeHeapSize                   = 5839372                                {pd product} {ergonomic}
    uintx NonProfiledCodeHeapSize                  = 122909434                              {pd product} {ergonomic}
   size_t OldSize                                  = 70254592                                  {product} {ergonomic}
    uintx ProfiledCodeHeapSize                     = 122909434                              {pd product} {ergonomic}
    uintx ReservedCodeCacheSize                    = 251658240                              {pd product} {ergonomic}
     bool SegmentedCodeCache                       = true                                      {product} {ergonomic}
   size_t SoftMaxHeapSize                          = 2147483648                             {manageable} {ergonomic}
     bool UseCompressedOops                        = true                           {product lp64_product} {ergonomic}
     bool UseLargePagesIndividualAllocation        = false                                  {pd product} {ergonomic}
     bool UseParallelGC                            = true                                      {product} {command line}

Logging:
Log output configuration:
 #0: stdout all=off uptime,level,tags foldmultilines=false
 #1: stderr all=off uptime,level,tags foldmultilines=false

Environment Variables:
PATH=C:\Program Files\Common Files\Oracle\Java\javapath;D:\Ruby33-x64\bin;C:\Program Files\OpenSSL-Win64\bin;C:\Users\RDL\AppData\Local\Android\Sdk\tools;C:\Users\RDL\AppData\Local\Microsoft\WindowsApps;C:\Program Files\JetBrains\IntelliJ IDEA Community Edition 2021.3.1\bin;D:\Microsoft VS Code\bin;C:\Users\RDL\AppData\Roaming\nvm;C:\Program Files\nodejs;C:\Users\RDL\AppData\Roaming\npm;C:\Users\RDL\AppData\Local\Android\Sdk\platform-tools;C:\Program Files\Git\cmd;C:\Program Files\Docker\Docker\resources\bin;C:\Windows\System32;C:\WINDOWS\system32;C:\WINDOWS;C:\WINDOWS\System32\Wbem;C:\WINDOWS\System32\WindowsPowerShell\v1.0\;C:\WINDOWS\System32\OpenSSH\;C:\Program Files\nodejs\;C:\Program Files\Java\jdk-17\bin;C:\Program Files\Java\jdk-17;D:\anaconda3;D:\anaconda3\Library\mingw-w64\bin;D:\anaconda3\Library\usr\bin;D:\anaconda3\Library\bin;D:\anaconda3\Scripts;C:\Users\RDL\AppData\Local\Android\Sdk\tools;C:\Users\RDL\AppData\Local\Microsoft\WindowsApps;C:\Program Files\JetBrains\IntelliJ IDEA Community Edition 2021.3.1\bin;;D:\Microsoft VS Code\bin;C:\Users\RDL\AppData\Local\Android\Sdk\platform-tools;C:\Program Files\Git\cmd;C:\Windows\System32;C:\Program Files\Java\jdk-17;C:\Program Files\Java\jdk-17\bin;
USERNAME=RDL
LANG=en_US.UTF-8
LC_ALL=en_US.UTF-8
OS=Windows_NT
PROCESSOR_IDENTIFIER=Intel64 Family 6 Model 140 Stepping 1, GenuineIntel
TMP=C:\Users\RDL\AppData\Local\Temp
TEMP=C:\Users\RDL\AppData\Local\Temp




Periodic native trim disabled

---------------  S Y S T E M  ---------------

OS:
 Windows 11 , 64 bit Build 26100 (10.0.26100.5074)
OS uptime: 0 days 8:35 hours
Hyper-V role detected

CPU: total 8 (initial active 8) (4 cores per cpu, 2 threads per core) family 6 model 140 stepping 1 microcode 0xb4, cx8, cmov, fxsr, ht, mmx, 3dnowpref, sse, sse2, sse3, ssse3, sse4.1, sse4.2, popcnt, lzcnt, tsc, tscinvbit, avx, avx2, aes, erms, clmul, bmi1, bmi2, adx, avx512f, avx512dq, avx512cd, avx512bw, avx512vl, sha, fma, vzeroupper, avx512_vpopcntdq, avx512_vpclmulqdq, avx512_vaes, avx512_vnni, clflush, clflushopt, clwb, avx512_vbmi2, avx512_vbmi, hv, rdtscp, rdpid, fsrm, gfni, avx512_bitalg, f16c, cet_ibt, cet_ss, avx512_ifma
Processor Information for the first 8 processors :
  Max Mhz: 2401, Current Mhz: 2400, Mhz Limit: 2376

Memory: 4k page, system-wide physical 7834M (638M free)
TotalPageFile size 26176M (AvailPageFile size 8M)
current process WorkingSet (physical memory assigned to process): 363M, peak: 363M
current process commit charge ("private bytes"): 461M, peak: 461M

vm_info: OpenJDK 64-Bit Server VM (21.0.8+9-LTS) for windows-amd64 JRE (21.0.8+9-LTS), built on 2025-07-15T00:00:00Z by "admin" with MS VC++ 17.7 (VS2022)

END.
